<?xml version="1.0" encoding="UTF-8"?>
<testsuite xmlns:xsi="http://www.w3.org/2001/XMLSchema-instance" xsi:noNamespaceSchemaLocation="https://maven.apache.org/surefire/maven-failsafe-plugin/xsd/failsafe-test-report-3.0.xsd" version="3.0" name="starter.CucumberTestSuite" time="15.091" tests="4" errors="0" skipped="0" failures="0">
  <properties>
    <property name="java.specification.version" value="18"/>
    <property name="sun.cpu.isalist" value="amd64"/>
    <property name="sun.jnu.encoding" value="Cp1252"/>
    <property name="java.class.path" value="C:\Users\Dimas Rizqi Suryana\REST_Asured\target\test-classes;C:\Users\Dimas Rizqi Suryana\.m2\repository\net\serenity-bdd\serenity-core\3.6.12\serenity-core-3.6.12.jar;C:\Users\Dimas Rizqi Suryana\.m2\repository\net\serenity-bdd\serenity-model\3.6.12\serenity-model-3.6.12.jar;C:\Users\Dimas Rizqi Suryana\.m2\repository\org\apache\commons\commons-text\1.10.0\commons-text-1.10.0.jar;C:\Users\Dimas Rizqi Suryana\.m2\repository\commons-net\commons-net\3.9.0\commons-net-3.9.0.jar;C:\Users\Dimas Rizqi Suryana\.m2\repository\com\google\guava\guava\31.1-jre\guava-31.1-jre.jar;C:\Users\Dimas Rizqi Suryana\.m2\repository\com\google\guava\failureaccess\1.0.1\failureaccess-1.0.1.jar;C:\Users\Dimas Rizqi Suryana\.m2\repository\com\google\guava\listenablefuture\9999.0-empty-to-avoid-conflict-with-guava\listenablefuture-9999.0-empty-to-avoid-conflict-with-guava.jar;C:\Users\Dimas Rizqi Suryana\.m2\repository\com\google\code\findbugs\jsr305\3.0.2\jsr305-3.0.2.jar;C:\Users\Dimas Rizqi Suryana\.m2\repository\org\checkerframework\checker-qual\3.12.0\checker-qual-3.12.0.jar;C:\Users\Dimas Rizqi Suryana\.m2\repository\com\google\errorprone\error_prone_annotations\2.11.0\error_prone_annotations-2.11.0.jar;C:\Users\Dimas Rizqi Suryana\.m2\repository\com\google\j2objc\j2objc-annotations\1.3\j2objc-annotations-1.3.jar;C:\Users\Dimas Rizqi Suryana\.m2\repository\com\google\inject\guice\5.1.0\guice-5.1.0.jar;C:\Users\Dimas Rizqi Suryana\.m2\repository\javax\inject\javax.inject\1\javax.inject-1.jar;C:\Users\Dimas Rizqi Suryana\.m2\repository\aopalliance\aopalliance\1.0\aopalliance-1.0.jar;C:\Users\Dimas Rizqi Suryana\.m2\repository\org\jsoup\jsoup\1.14.3\jsoup-1.14.3.jar;C:\Users\Dimas Rizqi Suryana\.m2\repository\com\thoughtworks\xstream\xstream\1.4.20\xstream-1.4.20.jar;C:\Users\Dimas Rizqi Suryana\.m2\repository\io\github\x-stream\mxparser\1.2.2\mxparser-1.2.2.jar;C:\Users\Dimas Rizqi Suryana\.m2\repository\xmlpull\xmlpull\1.1.3.1\xmlpull-1.1.3.1.jar;C:\Users\Dimas Rizqi Suryana\.m2\repository\com\typesafe\config\1.4.2\config-1.4.2.jar;C:\Users\Dimas Rizqi Suryana\.m2\repository\org\imgscalr\imgscalr-lib\4.2\imgscalr-lib-4.2.jar;C:\Users\Dimas Rizqi Suryana\.m2\repository\org\awaitility\awaitility\4.2.0\awaitility-4.2.0.jar;C:\Users\Dimas Rizqi Suryana\.m2\repository\org\freemarker\freemarker\2.3.31\freemarker-2.3.31.jar;C:\Users\Dimas Rizqi Suryana\.m2\repository\io\github\classgraph\classgraph\4.8.138\classgraph-4.8.138.jar;C:\Users\Dimas Rizqi Suryana\.m2\repository\net\sourceforge\jexcelapi\jxl\2.6.12\jxl-2.6.12.jar;C:\Users\Dimas Rizqi Suryana\.m2\repository\net\bytebuddy\byte-buddy-agent\1.12.22\byte-buddy-agent-1.12.22.jar;C:\Users\Dimas Rizqi Suryana\.m2\repository\org\objenesis\objenesis\3.1\objenesis-3.1.jar;C:\Users\Dimas Rizqi Suryana\.m2\repository\net\serenity-bdd\serenity-reports\3.6.12\serenity-reports-3.6.12.jar;C:\Users\Dimas Rizqi Suryana\.m2\repository\net\serenity-bdd\serenity-stats\3.6.12\serenity-stats-3.6.12.jar;C:\Users\Dimas Rizqi Suryana\.m2\repository\net\serenity-bdd\serenity-reports-configuration\3.6.12\serenity-reports-configuration-3.6.12.jar;C:\Users\Dimas Rizqi Suryana\.m2\repository\com\vladsch\flexmark\flexmark-all\0.34.30\flexmark-all-0.34.30.jar;C:\Users\Dimas Rizqi Suryana\.m2\repository\com\vladsch\flexmark\flexmark\0.34.30\flexmark-0.34.30.jar;C:\Users\Dimas Rizqi Suryana\.m2\repository\com\vladsch\flexmark\flexmark-ext-abbreviation\0.34.30\flexmark-ext-abbreviation-0.34.30.jar;C:\Users\Dimas Rizqi Suryana\.m2\repository\com\vladsch\flexmark\flexmark-ext-admonition\0.34.30\flexmark-ext-admonition-0.34.30.jar;C:\Users\Dimas Rizqi Suryana\.m2\repository\com\vladsch\flexmark\flexmark-ext-anchorlink\0.34.30\flexmark-ext-anchorlink-0.34.30.jar;C:\Users\Dimas Rizqi Suryana\.m2\repository\com\vladsch\flexmark\flexmark-ext-aside\0.34.30\flexmark-ext-aside-0.34.30.jar;C:\Users\Dimas Rizqi Suryana\.m2\repository\com\vladsch\flexmark\flexmark-ext-attributes\0.34.30\flexmark-ext-attributes-0.34.30.jar;C:\Users\Dimas Rizqi Suryana\.m2\repository\com\vladsch\flexmark\flexmark-ext-autolink\0.34.30\flexmark-ext-autolink-0.34.30.jar;C:\Users\Dimas Rizqi Suryana\.m2\repository\org\nibor\autolink\autolink\0.6.0\autolink-0.6.0.jar;C:\Users\Dimas Rizqi Suryana\.m2\repository\com\vladsch\flexmark\flexmark-ext-definition\0.34.30\flexmark-ext-definition-0.34.30.jar;C:\Users\Dimas Rizqi Suryana\.m2\repository\com\vladsch\flexmark\flexmark-ext-emoji\0.34.30\flexmark-ext-emoji-0.34.30.jar;C:\Users\Dimas Rizqi Suryana\.m2\repository\com\vladsch\flexmark\flexmark-ext-enumerated-reference\0.34.30\flexmark-ext-enumerated-reference-0.34.30.jar;C:\Users\Dimas Rizqi Suryana\.m2\repository\com\vladsch\flexmark\flexmark-ext-escaped-character\0.34.30\flexmark-ext-escaped-character-0.34.30.jar;C:\Users\Dimas Rizqi Suryana\.m2\repository\com\vladsch\flexmark\flexmark-ext-footnotes\0.34.30\flexmark-ext-footnotes-0.34.30.jar;C:\Users\Dimas Rizqi Suryana\.m2\repository\com\vladsch\flexmark\flexmark-ext-gfm-issues\0.34.30\flexmark-ext-gfm-issues-0.34.30.jar;C:\Users\Dimas Rizqi Suryana\.m2\repository\com\vladsch\flexmark\flexmark-ext-gfm-strikethrough\0.34.30\flexmark-ext-gfm-strikethrough-0.34.30.jar;C:\Users\Dimas Rizqi Suryana\.m2\repository\com\vladsch\flexmark\flexmark-ext-gfm-tables\0.34.30\flexmark-ext-gfm-tables-0.34.30.jar;C:\Users\Dimas Rizqi Suryana\.m2\repository\com\vladsch\flexmark\flexmark-ext-gfm-tasklist\0.34.30\flexmark-ext-gfm-tasklist-0.34.30.jar;C:\Users\Dimas Rizqi Suryana\.m2\repository\com\vladsch\flexmark\flexmark-ext-gfm-users\0.34.30\flexmark-ext-gfm-users-0.34.30.jar;C:\Users\Dimas Rizqi Suryana\.m2\repository\com\vladsch\flexmark\flexmark-ext-gitlab\0.34.30\flexmark-ext-gitlab-0.34.30.jar;C:\Users\Dimas Rizqi Suryana\.m2\repository\com\vladsch\flexmark\flexmark-ext-jekyll-front-matter\0.34.30\flexmark-ext-jekyll-front-matter-0.34.30.jar;C:\Users\Dimas Rizqi Suryana\.m2\repository\com\vladsch\flexmark\flexmark-ext-jekyll-tag\0.34.30\flexmark-ext-jekyll-tag-0.34.30.jar;C:\Users\Dimas Rizqi Suryana\.m2\repository\com\vladsch\flexmark\flexmark-ext-media-tags\0.34.30\flexmark-ext-media-tags-0.34.30.jar;C:\Users\Dimas Rizqi Suryana\.m2\repository\com\vladsch\flexmark\flexmark-test-util\0.34.30\flexmark-test-util-0.34.30.jar;C:\Users\Dimas Rizqi Suryana\.m2\repository\com\vladsch\flexmark\flexmark-ext-ins\0.34.30\flexmark-ext-ins-0.34.30.jar;C:\Users\Dimas Rizqi Suryana\.m2\repository\com\vladsch\flexmark\flexmark-ext-xwiki-macros\0.34.30\flexmark-ext-xwiki-macros-0.34.30.jar;C:\Users\Dimas Rizqi Suryana\.m2\repository\com\vladsch\flexmark\flexmark-ext-superscript\0.34.30\flexmark-ext-superscript-0.34.30.jar;C:\Users\Dimas Rizqi Suryana\.m2\repository\com\vladsch\flexmark\flexmark-ext-tables\0.34.30\flexmark-ext-tables-0.34.30.jar;C:\Users\Dimas Rizqi Suryana\.m2\repository\com\vladsch\flexmark\flexmark-ext-toc\0.34.30\flexmark-ext-toc-0.34.30.jar;C:\Users\Dimas Rizqi Suryana\.m2\repository\com\vladsch\flexmark\flexmark-ext-typographic\0.34.30\flexmark-ext-typographic-0.34.30.jar;C:\Users\Dimas Rizqi Suryana\.m2\repository\com\vladsch\flexmark\flexmark-ext-wikilink\0.34.30\flexmark-ext-wikilink-0.34.30.jar;C:\Users\Dimas Rizqi Suryana\.m2\repository\com\vladsch\flexmark\flexmark-ext-yaml-front-matter\0.34.30\flexmark-ext-yaml-front-matter-0.34.30.jar;C:\Users\Dimas Rizqi Suryana\.m2\repository\com\vladsch\flexmark\flexmark-ext-youtube-embedded\0.34.30\flexmark-ext-youtube-embedded-0.34.30.jar;C:\Users\Dimas Rizqi Suryana\.m2\repository\com\vladsch\flexmark\flexmark-formatter\0.34.30\flexmark-formatter-0.34.30.jar;C:\Users\Dimas Rizqi Suryana\.m2\repository\com\vladsch\flexmark\flexmark-html-parser\0.34.30\flexmark-html-parser-0.34.30.jar;C:\Users\Dimas Rizqi Suryana\.m2\repository\com\vladsch\flexmark\flexmark-jira-converter\0.34.30\flexmark-jira-converter-0.34.30.jar;C:\Users\Dimas Rizqi Suryana\.m2\repository\com\vladsch\flexmark\flexmark-pdf-converter\0.34.30\flexmark-pdf-converter-0.34.30.jar;C:\Users\Dimas Rizqi Suryana\.m2\repository\com\openhtmltopdf\openhtmltopdf-core\0.0.1-RC13\openhtmltopdf-core-0.0.1-RC13.jar;C:\Users\Dimas Rizqi Suryana\.m2\repository\com\openhtmltopdf\openhtmltopdf-pdfbox\0.0.1-RC13\openhtmltopdf-pdfbox-0.0.1-RC13.jar;C:\Users\Dimas Rizqi Suryana\.m2\repository\org\apache\pdfbox\pdfbox\2.0.8\pdfbox-2.0.8.jar;C:\Users\Dimas Rizqi Suryana\.m2\repository\org\apache\pdfbox\fontbox\2.0.8\fontbox-2.0.8.jar;C:\Users\Dimas Rizqi Suryana\.m2\repository\org\apache\pdfbox\xmpbox\2.0.8\xmpbox-2.0.8.jar;C:\Users\Dimas Rizqi Suryana\.m2\repository\de\rototor\pdfbox\graphics2d\0.12\graphics2d-0.12.jar;C:\Users\Dimas Rizqi Suryana\.m2\repository\com\openhtmltopdf\openhtmltopdf-rtl-support\0.0.1-RC13\openhtmltopdf-rtl-support-0.0.1-RC13.jar;C:\Users\Dimas Rizqi Suryana\.m2\repository\com\ibm\icu\icu4j\59.1\icu4j-59.1.jar;C:\Users\Dimas Rizqi Suryana\.m2\repository\com\openhtmltopdf\openhtmltopdf-jsoup-dom-converter\0.0.1-RC13\openhtmltopdf-jsoup-dom-converter-0.0.1-RC13.jar;C:\Users\Dimas Rizqi Suryana\.m2\repository\com\vladsch\flexmark\flexmark-profile-pegdown\0.34.30\flexmark-profile-pegdown-0.34.30.jar;C:\Users\Dimas Rizqi Suryana\.m2\repository\com\vladsch\flexmark\flexmark-util\0.34.30\flexmark-util-0.34.30.jar;C:\Users\Dimas Rizqi Suryana\.m2\repository\com\vladsch\flexmark\flexmark-youtrack-converter\0.34.30\flexmark-youtrack-converter-0.34.30.jar;C:\Users\Dimas Rizqi Suryana\.m2\repository\es\nitaur\markdown\txtmark\0.16\txtmark-0.16.jar;C:\Users\Dimas Rizqi Suryana\.m2\repository\net\serenity-bdd\serenity-report-resources\3.6.12\serenity-report-resources-3.6.12.jar;C:\Users\Dimas Rizqi Suryana\.m2\repository\com\google\code\gson\gson\2.9.0\gson-2.9.0.jar;C:\Users\Dimas Rizqi Suryana\.m2\repository\com\fasterxml\jackson\core\jackson-core\2.14.2\jackson-core-2.14.2.jar;C:\Users\Dimas Rizqi Suryana\.m2\repository\com\fasterxml\jackson\core\jackson-databind\2.14.2\jackson-databind-2.14.2.jar;C:\Users\Dimas Rizqi Suryana\.m2\repository\com\fasterxml\jackson\core\jackson-annotations\2.14.2\jackson-annotations-2.14.2.jar;C:\Users\Dimas Rizqi Suryana\.m2\repository\commons-codec\commons-codec\1.15\commons-codec-1.15.jar;C:\Users\Dimas Rizqi Suryana\.m2\repository\commons-io\commons-io\2.11.0\commons-io-2.11.0.jar;C:\Users\Dimas Rizqi Suryana\.m2\repository\org\apache\httpcomponents\httpclient\4.5.13\httpclient-4.5.13.jar;C:\Users\Dimas Rizqi Suryana\.m2\repository\org\apache\httpcomponents\httpcore\4.4.13\httpcore-4.4.13.jar;C:\Users\Dimas Rizqi Suryana\.m2\repository\commons-logging\commons-logging\1.2\commons-logging-1.2.jar;C:\Users\Dimas Rizqi Suryana\.m2\repository\org\seleniumhq\selenium\selenium-java\4.8.0\selenium-java-4.8.0.jar;C:\Users\Dimas Rizqi Suryana\.m2\repository\org\seleniumhq\selenium\selenium-devtools-v107\4.8.0\selenium-devtools-v107-4.8.0.jar;C:\Users\Dimas Rizqi Suryana\.m2\repository\org\seleniumhq\selenium\selenium-devtools-v108\4.8.0\selenium-devtools-v108-4.8.0.jar;C:\Users\Dimas Rizqi Suryana\.m2\repository\org\seleniumhq\selenium\selenium-devtools-v109\4.8.0\selenium-devtools-v109-4.8.0.jar;C:\Users\Dimas Rizqi Suryana\.m2\repository\org\seleniumhq\selenium\selenium-devtools-v85\4.8.0\selenium-devtools-v85-4.8.0.jar;C:\Users\Dimas Rizqi Suryana\.m2\repository\org\seleniumhq\selenium\selenium-remote-driver\4.8.0\selenium-remote-driver-4.8.0.jar;C:\Users\Dimas Rizqi Suryana\.m2\repository\com\beust\jcommander\1.82\jcommander-1.82.jar;C:\Users\Dimas Rizqi Suryana\.m2\repository\io\netty\netty-buffer\4.1.87.Final\netty-buffer-4.1.87.Final.jar;C:\Users\Dimas Rizqi Suryana\.m2\repository\io\netty\netty-codec-http\4.1.87.Final\netty-codec-http-4.1.87.Final.jar;C:\Users\Dimas Rizqi Suryana\.m2\repository\io\netty\netty-codec\4.1.87.Final\netty-codec-4.1.87.Final.jar;C:\Users\Dimas Rizqi Suryana\.m2\repository\io\netty\netty-handler\4.1.87.Final\netty-handler-4.1.87.Final.jar;C:\Users\Dimas Rizqi Suryana\.m2\repository\io\netty\netty-common\4.1.87.Final\netty-common-4.1.87.Final.jar;C:\Users\Dimas Rizqi Suryana\.m2\repository\io\netty\netty-transport-classes-epoll\4.1.87.Final\netty-transport-classes-epoll-4.1.87.Final.jar;C:\Users\Dimas Rizqi Suryana\.m2\repository\io\netty\netty-transport-classes-kqueue\4.1.87.Final\netty-transport-classes-kqueue-4.1.87.Final.jar;C:\Users\Dimas Rizqi Suryana\.m2\repository\io\netty\netty-transport-native-epoll\4.1.87.Final\netty-transport-native-epoll-4.1.87.Final.jar;C:\Users\Dimas Rizqi Suryana\.m2\repository\io\netty\netty-transport-native-kqueue\4.1.87.Final\netty-transport-native-kqueue-4.1.87.Final.jar;C:\Users\Dimas Rizqi Suryana\.m2\repository\io\netty\netty-transport-native-unix-common\4.1.87.Final\netty-transport-native-unix-common-4.1.87.Final.jar;C:\Users\Dimas Rizqi Suryana\.m2\repository\io\netty\netty-transport\4.1.87.Final\netty-transport-4.1.87.Final.jar;C:\Users\Dimas Rizqi Suryana\.m2\repository\io\netty\netty-resolver\4.1.87.Final\netty-resolver-4.1.87.Final.jar;C:\Users\Dimas Rizqi Suryana\.m2\repository\io\opentelemetry\opentelemetry-api\1.22.0\opentelemetry-api-1.22.0.jar;C:\Users\Dimas Rizqi Suryana\.m2\repository\io\opentelemetry\opentelemetry-context\1.22.0\opentelemetry-context-1.22.0.jar;C:\Users\Dimas Rizqi Suryana\.m2\repository\io\opentelemetry\opentelemetry-exporter-logging\1.22.0\opentelemetry-exporter-logging-1.22.0.jar;C:\Users\Dimas Rizqi Suryana\.m2\repository\io\opentelemetry\opentelemetry-sdk-metrics\1.22.0\opentelemetry-sdk-metrics-1.22.0.jar;C:\Users\Dimas Rizqi Suryana\.m2\repository\io\opentelemetry\opentelemetry-sdk-logs\1.22.0-alpha\opentelemetry-sdk-logs-1.22.0-alpha.jar;C:\Users\Dimas Rizqi Suryana\.m2\repository\io\opentelemetry\opentelemetry-api-logs\1.22.0-alpha\opentelemetry-api-logs-1.22.0-alpha.jar;C:\Users\Dimas Rizqi Suryana\.m2\repository\io\opentelemetry\opentelemetry-sdk-common\1.22.0\opentelemetry-sdk-common-1.22.0.jar;C:\Users\Dimas Rizqi Suryana\.m2\repository\io\opentelemetry\opentelemetry-sdk-extension-autoconfigure-spi\1.22.0\opentelemetry-sdk-extension-autoconfigure-spi-1.22.0.jar;C:\Users\Dimas Rizqi Suryana\.m2\repository\io\opentelemetry\opentelemetry-sdk-extension-autoconfigure\1.22.0-alpha\opentelemetry-sdk-extension-autoconfigure-1.22.0-alpha.jar;C:\Users\Dimas Rizqi Suryana\.m2\repository\io\opentelemetry\opentelemetry-sdk-trace\1.22.0\opentelemetry-sdk-trace-1.22.0.jar;C:\Users\Dimas Rizqi Suryana\.m2\repository\io\opentelemetry\opentelemetry-sdk\1.22.0\opentelemetry-sdk-1.22.0.jar;C:\Users\Dimas Rizqi Suryana\.m2\repository\io\opentelemetry\opentelemetry-semconv\1.22.0-alpha\opentelemetry-semconv-1.22.0-alpha.jar;C:\Users\Dimas Rizqi Suryana\.m2\repository\io\ous\jtoml\2.0.0\jtoml-2.0.0.jar;C:\Users\Dimas Rizqi Suryana\.m2\repository\org\apache\commons\commons-exec\1.3\commons-exec-1.3.jar;C:\Users\Dimas Rizqi Suryana\.m2\repository\org\asynchttpclient\async-http-client\2.12.3\async-http-client-2.12.3.jar;C:\Users\Dimas Rizqi Suryana\.m2\repository\org\asynchttpclient\async-http-client-netty-utils\2.12.3\async-http-client-netty-utils-2.12.3.jar;C:\Users\Dimas Rizqi Suryana\.m2\repository\io\netty\netty-codec-socks\4.1.60.Final\netty-codec-socks-4.1.60.Final.jar;C:\Users\Dimas Rizqi Suryana\.m2\repository\io\netty\netty-handler-proxy\4.1.60.Final\netty-handler-proxy-4.1.60.Final.jar;C:\Users\Dimas Rizqi Suryana\.m2\repository\io\netty\netty-transport-native-epoll\4.1.60.Final\netty-transport-native-epoll-4.1.60.Final-linux-x86_64.jar;C:\Users\Dimas Rizqi Suryana\.m2\repository\io\netty\netty-transport-native-kqueue\4.1.60.Final\netty-transport-native-kqueue-4.1.60.Final-osx-x86_64.jar;C:\Users\Dimas Rizqi Suryana\.m2\repository\org\reactivestreams\reactive-streams\1.0.3\reactive-streams-1.0.3.jar;C:\Users\Dimas Rizqi Suryana\.m2\repository\com\typesafe\netty\netty-reactive-streams\2.0.4\netty-reactive-streams-2.0.4.jar;C:\Users\Dimas Rizqi Suryana\.m2\repository\org\seleniumhq\selenium\selenium-manager\4.8.0\selenium-manager-4.8.0.jar;C:\Users\Dimas Rizqi Suryana\.m2\repository\org\seleniumhq\selenium\selenium-safari-driver\4.8.0\selenium-safari-driver-4.8.0.jar;C:\Users\Dimas Rizqi Suryana\.m2\repository\org\seleniumhq\selenium\selenium-api\4.8.0\selenium-api-4.8.0.jar;C:\Users\Dimas Rizqi Suryana\.m2\repository\org\seleniumhq\selenium\selenium-support\4.8.0\selenium-support-4.8.0.jar;C:\Users\Dimas Rizqi Suryana\.m2\repository\com\google\auto\service\auto-service-annotations\1.0.1\auto-service-annotations-1.0.1.jar;C:\Users\Dimas Rizqi Suryana\.m2\repository\com\google\auto\service\auto-service\1.0.1\auto-service-1.0.1.jar;C:\Users\Dimas Rizqi Suryana\.m2\repository\com\google\auto\auto-common\1.2\auto-common-1.2.jar;C:\Users\Dimas Rizqi Suryana\.m2\repository\org\seleniumhq\selenium\selenium-json\4.8.0\selenium-json-4.8.0.jar;C:\Users\Dimas Rizqi Suryana\.m2\repository\org\seleniumhq\selenium\selenium-chrome-driver\4.8.0\selenium-chrome-driver-4.8.0.jar;C:\Users\Dimas Rizqi Suryana\.m2\repository\org\seleniumhq\selenium\selenium-chromium-driver\4.8.0\selenium-chromium-driver-4.8.0.jar;C:\Users\Dimas Rizqi Suryana\.m2\repository\org\seleniumhq\selenium\selenium-firefox-driver\4.8.0\selenium-firefox-driver-4.8.0.jar;C:\Users\Dimas Rizqi Suryana\.m2\repository\org\seleniumhq\selenium\selenium-http\4.8.0\selenium-http-4.8.0.jar;C:\Users\Dimas Rizqi Suryana\.m2\repository\dev\failsafe\failsafe\3.3.0\failsafe-3.3.0.jar;C:\Users\Dimas Rizqi Suryana\.m2\repository\org\seleniumhq\selenium\selenium-edge-driver\4.8.0\selenium-edge-driver-4.8.0.jar;C:\Users\Dimas Rizqi Suryana\.m2\repository\org\seleniumhq\selenium\selenium-ie-driver\4.8.0\selenium-ie-driver-4.8.0.jar;C:\Users\Dimas Rizqi Suryana\.m2\repository\org\projectlombok\lombok\1.18.20\lombok-1.18.20.jar;C:\Users\Dimas Rizqi Suryana\.m2\repository\io\appium\java-client\8.3.0\java-client-8.3.0.jar;C:\Users\Dimas Rizqi Suryana\.m2\repository\commons-validator\commons-validator\1.7\commons-validator-1.7.jar;C:\Users\Dimas Rizqi Suryana\.m2\repository\commons-digester\commons-digester\2.1\commons-digester-2.1.jar;C:\Users\Dimas Rizqi Suryana\.m2\repository\org\apache\groovy\groovy\4.0.6\groovy-4.0.6.jar;C:\Users\Dimas Rizqi Suryana\.m2\repository\net\sf\opencsv\opencsv\2.0\opencsv-2.0.jar;C:\Users\Dimas Rizqi Suryana\.m2\repository\commons-beanutils\commons-beanutils\1.9.4\commons-beanutils-1.9.4.jar;C:\Users\Dimas Rizqi Suryana\.m2\repository\org\apache\commons\commons-lang3\3.12.0\commons-lang3-3.12.0.jar;C:\Users\Dimas Rizqi Suryana\.m2\repository\commons-collections\commons-collections\3.2.2\commons-collections-3.2.2.jar;C:\Users\Dimas Rizqi Suryana\.m2\repository\org\fluentlenium\fluentlenium-core\0.10.2\fluentlenium-core-0.10.2.jar;C:\Users\Dimas Rizqi Suryana\.m2\repository\io\github\bonigarcia\webdrivermanager\5.3.0\webdrivermanager-5.3.0.jar;C:\Users\Dimas Rizqi Suryana\.m2\repository\com\github\docker-java\docker-java\3.2.13\docker-java-3.2.13.jar;C:\Users\Dimas Rizqi Suryana\.m2\repository\com\github\docker-java\docker-java-core\3.2.13\docker-java-core-3.2.13.jar;C:\Users\Dimas Rizqi Suryana\.m2\repository\com\github\docker-java\docker-java-api\3.2.13\docker-java-api-3.2.13.jar;C:\Users\Dimas Rizqi Suryana\.m2\repository\org\apache\commons\commons-compress\1.21\commons-compress-1.21.jar;C:\Users\Dimas Rizqi Suryana\.m2\repository\org\bouncycastle\bcpkix-jdk15on\1.64\bcpkix-jdk15on-1.64.jar;C:\Users\Dimas Rizqi Suryana\.m2\repository\org\bouncycastle\bcprov-jdk15on\1.64\bcprov-jdk15on-1.64.jar;C:\Users\Dimas Rizqi Suryana\.m2\repository\org\slf4j\jcl-over-slf4j\1.7.30\jcl-over-slf4j-1.7.30.jar;C:\Users\Dimas Rizqi Suryana\.m2\repository\com\github\docker-java\docker-java-transport-httpclient5\3.2.13\docker-java-transport-httpclient5-3.2.13.jar;C:\Users\Dimas Rizqi Suryana\.m2\repository\com\github\docker-java\docker-java-transport\3.2.13\docker-java-transport-3.2.13.jar;C:\Users\Dimas Rizqi Suryana\.m2\repository\net\java\dev\jna\jna\5.8.0\jna-5.8.0.jar;C:\Users\Dimas Rizqi Suryana\.m2\repository\org\brotli\dec\0.1.2\dec-0.1.2.jar;C:\Users\Dimas Rizqi Suryana\.m2\repository\org\apache\httpcomponents\client5\httpclient5\5.1.3\httpclient5-5.1.3.jar;C:\Users\Dimas Rizqi Suryana\.m2\repository\org\apache\httpcomponents\core5\httpcore5\5.1.3\httpcore5-5.1.3.jar;C:\Users\Dimas Rizqi Suryana\.m2\repository\org\apache\httpcomponents\core5\httpcore5-h2\5.1.3\httpcore5-h2-5.1.3.jar;C:\Users\Dimas Rizqi Suryana\.m2\repository\com\jhlabs\filters\2.0.235\filters-2.0.235.jar;C:\Users\Dimas Rizqi Suryana\.m2\repository\com\paulhammant\ngwebdriver\1.1.6\ngwebdriver-1.1.6.jar;C:\Users\Dimas Rizqi Suryana\.m2\repository\joda-time\joda-time\2.8.2\joda-time-2.8.2.jar;C:\Users\Dimas Rizqi Suryana\.m2\repository\org\hamcrest\hamcrest\2.2\hamcrest-2.2.jar;C:\Users\Dimas Rizqi Suryana\.m2\repository\com\google\jimfs\jimfs\1.2\jimfs-1.2.jar;C:\Users\Dimas Rizqi Suryana\.m2\repository\org\mockito\mockito-core\3.3.3\mockito-core-3.3.3.jar;C:\Users\Dimas Rizqi Suryana\.m2\repository\javax\xml\bind\jaxb-api\2.3.1\jaxb-api-2.3.1.jar;C:\Users\Dimas Rizqi Suryana\.m2\repository\javax\activation\javax.activation-api\1.2.0\javax.activation-api-1.2.0.jar;C:\Users\Dimas Rizqi Suryana\.m2\repository\com\sun\xml\bind\jaxb-core\2.3.0.1\jaxb-core-2.3.0.1.jar;C:\Users\Dimas Rizqi Suryana\.m2\repository\com\sun\xml\bind\jaxb-impl\2.3.3\jaxb-impl-2.3.3.jar;C:\Users\Dimas Rizqi Suryana\.m2\repository\jakarta\xml\bind\jakarta.xml.bind-api\2.3.3\jakarta.xml.bind-api-2.3.3.jar;C:\Users\Dimas Rizqi Suryana\.m2\repository\com\sun\activation\jakarta.activation\1.2.2\jakarta.activation-1.2.2.jar;C:\Users\Dimas Rizqi Suryana\.m2\repository\javax\activation\activation\1.1.1\activation-1.1.1.jar;C:\Users\Dimas Rizqi Suryana\.m2\repository\net\serenity-bdd\serenity-rest-assured\3.6.12\serenity-rest-assured-3.6.12.jar;C:\Users\Dimas Rizqi Suryana\.m2\repository\io\rest-assured\rest-assured\5.2.0\rest-assured-5.2.0.jar;C:\Users\Dimas Rizqi Suryana\.m2\repository\org\apache\httpcomponents\httpmime\4.5.13\httpmime-4.5.13.jar;C:\Users\Dimas Rizqi Suryana\.m2\repository\org\ccil\cowan\tagsoup\tagsoup\1.2.1\tagsoup-1.2.1.jar;C:\Users\Dimas Rizqi Suryana\.m2\repository\io\rest-assured\json-path\5.2.0\json-path-5.2.0.jar;C:\Users\Dimas Rizqi Suryana\.m2\repository\io\rest-assured\rest-assured-common\5.2.0\rest-assured-common-5.2.0.jar;C:\Users\Dimas Rizqi Suryana\.m2\repository\io\rest-assured\xml-path\5.2.0\xml-path-5.2.0.jar;C:\Users\Dimas Rizqi Suryana\.m2\repository\org\apache\groovy\groovy-json\4.0.6\groovy-json-4.0.6.jar;C:\Users\Dimas Rizqi Suryana\.m2\repository\org\apache\groovy\groovy-xml\4.0.6\groovy-xml-4.0.6.jar;C:\Users\Dimas Rizqi Suryana\.m2\repository\org\opentest4j\opentest4j\1.2.0\opentest4j-1.2.0.jar;C:\Users\Dimas Rizqi Suryana\.m2\repository\net\serenity-bdd\serenity-cucumber\3.6.12\serenity-cucumber-3.6.12.jar;C:\Users\Dimas Rizqi Suryana\.m2\repository\io\cucumber\cucumber-core\7.11.0\cucumber-core-7.11.0.jar;C:\Users\Dimas Rizqi Suryana\.m2\repository\io\cucumber\cucumber-gherkin\7.11.0\cucumber-gherkin-7.11.0.jar;C:\Users\Dimas Rizqi Suryana\.m2\repository\io\cucumber\cucumber-gherkin-messages\7.11.0\cucumber-gherkin-messages-7.11.0.jar;C:\Users\Dimas Rizqi Suryana\.m2\repository\io\cucumber\gherkin\26.0.3\gherkin-26.0.3.jar;C:\Users\Dimas Rizqi Suryana\.m2\repository\io\cucumber\messages\21.0.1\messages-21.0.1.jar;C:\Users\Dimas Rizqi Suryana\.m2\repository\io\cucumber\tag-expressions\5.0.1\tag-expressions-5.0.1.jar;C:\Users\Dimas Rizqi Suryana\.m2\repository\io\cucumber\cucumber-expressions\16.1.1\cucumber-expressions-16.1.1.jar;C:\Users\Dimas Rizqi Suryana\.m2\repository\io\cucumber\datatable\7.11.0\datatable-7.11.0.jar;C:\Users\Dimas Rizqi Suryana\.m2\repository\io\cucumber\cucumber-plugin\7.11.0\cucumber-plugin-7.11.0.jar;C:\Users\Dimas Rizqi Suryana\.m2\repository\io\cucumber\docstring\7.11.0\docstring-7.11.0.jar;C:\Users\Dimas Rizqi Suryana\.m2\repository\io\cucumber\html-formatter\20.2.1\html-formatter-20.2.1.jar;C:\Users\Dimas Rizqi Suryana\.m2\repository\io\cucumber\junit-xml-formatter\0.1.0\junit-xml-formatter-0.1.0.jar;C:\Users\Dimas Rizqi Suryana\.m2\repository\io\cucumber\ci-environment\9.1.0\ci-environment-9.1.0.jar;C:\Users\Dimas Rizqi Suryana\.m2\repository\io\cucumber\cucumber-java\7.11.0\cucumber-java-7.11.0.jar;C:\Users\Dimas Rizqi Suryana\.m2\repository\io\cucumber\cucumber-junit\7.11.0\cucumber-junit-7.11.0.jar;C:\Users\Dimas Rizqi Suryana\.m2\repository\org\apache\commons\commons-csv\1.5\commons-csv-1.5.jar;C:\Users\Dimas Rizqi Suryana\.m2\repository\net\serenity-bdd\serenity-screenplay\3.6.12\serenity-screenplay-3.6.12.jar;C:\Users\Dimas Rizqi Suryana\.m2\repository\net\serenity-bdd\serenity-screenplay-webdriver\3.6.12\serenity-screenplay-webdriver-3.6.12.jar;C:\Users\Dimas Rizqi Suryana\.m2\repository\net\serenity-bdd\serenity-ensure\3.6.12\serenity-ensure-3.6.12.jar;C:\Users\Dimas Rizqi Suryana\.m2\repository\net\serenity-bdd\serenity-junit\3.6.12\serenity-junit-3.6.12.jar;C:\Users\Dimas Rizqi Suryana\.m2\repository\org\jetbrains\kotlin\kotlin-stdlib\1.7.21\kotlin-stdlib-1.7.21.jar;C:\Users\Dimas Rizqi Suryana\.m2\repository\org\jetbrains\kotlin\kotlin-stdlib-common\1.7.21\kotlin-stdlib-common-1.7.21.jar;C:\Users\Dimas Rizqi Suryana\.m2\repository\org\jetbrains\annotations\13.0\annotations-13.0.jar;C:\Users\Dimas Rizqi Suryana\.m2\repository\org\junit\platform\junit-platform-launcher\1.9.2\junit-platform-launcher-1.9.2.jar;C:\Users\Dimas Rizqi Suryana\.m2\repository\org\junit\platform\junit-platform-engine\1.9.2\junit-platform-engine-1.9.2.jar;C:\Users\Dimas Rizqi Suryana\.m2\repository\org\junit\platform\junit-platform-commons\1.9.2\junit-platform-commons-1.9.2.jar;C:\Users\Dimas Rizqi Suryana\.m2\repository\org\apiguardian\apiguardian-api\1.1.2\apiguardian-api-1.1.2.jar;C:\Users\Dimas Rizqi Suryana\.m2\repository\org\junit\jupiter\junit-jupiter-engine\5.9.2\junit-jupiter-engine-5.9.2.jar;C:\Users\Dimas Rizqi Suryana\.m2\repository\org\junit\jupiter\junit-jupiter-api\5.9.2\junit-jupiter-api-5.9.2.jar;C:\Users\Dimas Rizqi Suryana\.m2\repository\org\junit\vintage\junit-vintage-engine\5.9.2\junit-vintage-engine-5.9.2.jar;C:\Users\Dimas Rizqi Suryana\.m2\repository\junit\junit\4.13.2\junit-4.13.2.jar;C:\Users\Dimas Rizqi Suryana\.m2\repository\org\hamcrest\hamcrest-core\1.3\hamcrest-core-1.3.jar;C:\Users\Dimas Rizqi Suryana\.m2\repository\ch\qos\logback\logback-classic\1.4.6\logback-classic-1.4.6.jar;C:\Users\Dimas Rizqi Suryana\.m2\repository\ch\qos\logback\logback-core\1.4.6\logback-core-1.4.6.jar;C:\Users\Dimas Rizqi Suryana\.m2\repository\org\slf4j\slf4j-api\2.0.4\slf4j-api-2.0.4.jar;C:\Users\Dimas Rizqi Suryana\.m2\repository\org\assertj\assertj-core\3.24.2\assertj-core-3.24.2.jar;C:\Users\Dimas Rizqi Suryana\.m2\repository\net\bytebuddy\byte-buddy\1.12.21\byte-buddy-1.12.21.jar;C:\Users\Dimas Rizqi Suryana\.m2\repository\com\googlecode\json-simple\json-simple\1.1.1\json-simple-1.1.1.jar;"/>
    <property name="java.vm.vendor" value="Oracle Corporation"/>
    <property name="sun.arch.data.model" value="64"/>
    <property name="user.variant" value=""/>
    <property name="java.vendor.url" value="https://java.oracle.com/"/>
    <property name="user.timezone" value="Asia/Jakarta"/>
    <property name="os.name" value="Windows 11"/>
    <property name="java.vm.specification.version" value="18"/>
    <property name="sun.java.launcher" value="SUN_STANDARD"/>
    <property name="user.country" value="ID"/>
    <property name="sun.boot.library.path" value="C:\Program Files\Java\jdk-18.0.2.1\bin"/>
    <property name="sun.java.command" value="org.apache.maven.surefire.booter.ForkedBooter C:\Users\Dimas Rizqi Suryana\AppData\Local\Temp\surefire3893660844512922175 2023-06-09T20-29-32_404-jvmRun1 surefire13315060976621831170tmp surefire_09211371715389756502tmp"/>
    <property name="jdk.debug" value="release"/>
    <property name="surefire.test.class.path" value="C:\Users\Dimas Rizqi Suryana\REST_Asured\target\test-classes;C:\Users\Dimas Rizqi Suryana\.m2\repository\net\serenity-bdd\serenity-core\3.6.12\serenity-core-3.6.12.jar;C:\Users\Dimas Rizqi Suryana\.m2\repository\net\serenity-bdd\serenity-model\3.6.12\serenity-model-3.6.12.jar;C:\Users\Dimas Rizqi Suryana\.m2\repository\org\apache\commons\commons-text\1.10.0\commons-text-1.10.0.jar;C:\Users\Dimas Rizqi Suryana\.m2\repository\commons-net\commons-net\3.9.0\commons-net-3.9.0.jar;C:\Users\Dimas Rizqi Suryana\.m2\repository\com\google\guava\guava\31.1-jre\guava-31.1-jre.jar;C:\Users\Dimas Rizqi Suryana\.m2\repository\com\google\guava\failureaccess\1.0.1\failureaccess-1.0.1.jar;C:\Users\Dimas Rizqi Suryana\.m2\repository\com\google\guava\listenablefuture\9999.0-empty-to-avoid-conflict-with-guava\listenablefuture-9999.0-empty-to-avoid-conflict-with-guava.jar;C:\Users\Dimas Rizqi Suryana\.m2\repository\com\google\code\findbugs\jsr305\3.0.2\jsr305-3.0.2.jar;C:\Users\Dimas Rizqi Suryana\.m2\repository\org\checkerframework\checker-qual\3.12.0\checker-qual-3.12.0.jar;C:\Users\Dimas Rizqi Suryana\.m2\repository\com\google\errorprone\error_prone_annotations\2.11.0\error_prone_annotations-2.11.0.jar;C:\Users\Dimas Rizqi Suryana\.m2\repository\com\google\j2objc\j2objc-annotations\1.3\j2objc-annotations-1.3.jar;C:\Users\Dimas Rizqi Suryana\.m2\repository\com\google\inject\guice\5.1.0\guice-5.1.0.jar;C:\Users\Dimas Rizqi Suryana\.m2\repository\javax\inject\javax.inject\1\javax.inject-1.jar;C:\Users\Dimas Rizqi Suryana\.m2\repository\aopalliance\aopalliance\1.0\aopalliance-1.0.jar;C:\Users\Dimas Rizqi Suryana\.m2\repository\org\jsoup\jsoup\1.14.3\jsoup-1.14.3.jar;C:\Users\Dimas Rizqi Suryana\.m2\repository\com\thoughtworks\xstream\xstream\1.4.20\xstream-1.4.20.jar;C:\Users\Dimas Rizqi Suryana\.m2\repository\io\github\x-stream\mxparser\1.2.2\mxparser-1.2.2.jar;C:\Users\Dimas Rizqi Suryana\.m2\repository\xmlpull\xmlpull\1.1.3.1\xmlpull-1.1.3.1.jar;C:\Users\Dimas Rizqi Suryana\.m2\repository\com\typesafe\config\1.4.2\config-1.4.2.jar;C:\Users\Dimas Rizqi Suryana\.m2\repository\org\imgscalr\imgscalr-lib\4.2\imgscalr-lib-4.2.jar;C:\Users\Dimas Rizqi Suryana\.m2\repository\org\awaitility\awaitility\4.2.0\awaitility-4.2.0.jar;C:\Users\Dimas Rizqi Suryana\.m2\repository\org\freemarker\freemarker\2.3.31\freemarker-2.3.31.jar;C:\Users\Dimas Rizqi Suryana\.m2\repository\io\github\classgraph\classgraph\4.8.138\classgraph-4.8.138.jar;C:\Users\Dimas Rizqi Suryana\.m2\repository\net\sourceforge\jexcelapi\jxl\2.6.12\jxl-2.6.12.jar;C:\Users\Dimas Rizqi Suryana\.m2\repository\net\bytebuddy\byte-buddy-agent\1.12.22\byte-buddy-agent-1.12.22.jar;C:\Users\Dimas Rizqi Suryana\.m2\repository\org\objenesis\objenesis\3.1\objenesis-3.1.jar;C:\Users\Dimas Rizqi Suryana\.m2\repository\net\serenity-bdd\serenity-reports\3.6.12\serenity-reports-3.6.12.jar;C:\Users\Dimas Rizqi Suryana\.m2\repository\net\serenity-bdd\serenity-stats\3.6.12\serenity-stats-3.6.12.jar;C:\Users\Dimas Rizqi Suryana\.m2\repository\net\serenity-bdd\serenity-reports-configuration\3.6.12\serenity-reports-configuration-3.6.12.jar;C:\Users\Dimas Rizqi Suryana\.m2\repository\com\vladsch\flexmark\flexmark-all\0.34.30\flexmark-all-0.34.30.jar;C:\Users\Dimas Rizqi Suryana\.m2\repository\com\vladsch\flexmark\flexmark\0.34.30\flexmark-0.34.30.jar;C:\Users\Dimas Rizqi Suryana\.m2\repository\com\vladsch\flexmark\flexmark-ext-abbreviation\0.34.30\flexmark-ext-abbreviation-0.34.30.jar;C:\Users\Dimas Rizqi Suryana\.m2\repository\com\vladsch\flexmark\flexmark-ext-admonition\0.34.30\flexmark-ext-admonition-0.34.30.jar;C:\Users\Dimas Rizqi Suryana\.m2\repository\com\vladsch\flexmark\flexmark-ext-anchorlink\0.34.30\flexmark-ext-anchorlink-0.34.30.jar;C:\Users\Dimas Rizqi Suryana\.m2\repository\com\vladsch\flexmark\flexmark-ext-aside\0.34.30\flexmark-ext-aside-0.34.30.jar;C:\Users\Dimas Rizqi Suryana\.m2\repository\com\vladsch\flexmark\flexmark-ext-attributes\0.34.30\flexmark-ext-attributes-0.34.30.jar;C:\Users\Dimas Rizqi Suryana\.m2\repository\com\vladsch\flexmark\flexmark-ext-autolink\0.34.30\flexmark-ext-autolink-0.34.30.jar;C:\Users\Dimas Rizqi Suryana\.m2\repository\org\nibor\autolink\autolink\0.6.0\autolink-0.6.0.jar;C:\Users\Dimas Rizqi Suryana\.m2\repository\com\vladsch\flexmark\flexmark-ext-definition\0.34.30\flexmark-ext-definition-0.34.30.jar;C:\Users\Dimas Rizqi Suryana\.m2\repository\com\vladsch\flexmark\flexmark-ext-emoji\0.34.30\flexmark-ext-emoji-0.34.30.jar;C:\Users\Dimas Rizqi Suryana\.m2\repository\com\vladsch\flexmark\flexmark-ext-enumerated-reference\0.34.30\flexmark-ext-enumerated-reference-0.34.30.jar;C:\Users\Dimas Rizqi Suryana\.m2\repository\com\vladsch\flexmark\flexmark-ext-escaped-character\0.34.30\flexmark-ext-escaped-character-0.34.30.jar;C:\Users\Dimas Rizqi Suryana\.m2\repository\com\vladsch\flexmark\flexmark-ext-footnotes\0.34.30\flexmark-ext-footnotes-0.34.30.jar;C:\Users\Dimas Rizqi Suryana\.m2\repository\com\vladsch\flexmark\flexmark-ext-gfm-issues\0.34.30\flexmark-ext-gfm-issues-0.34.30.jar;C:\Users\Dimas Rizqi Suryana\.m2\repository\com\vladsch\flexmark\flexmark-ext-gfm-strikethrough\0.34.30\flexmark-ext-gfm-strikethrough-0.34.30.jar;C:\Users\Dimas Rizqi Suryana\.m2\repository\com\vladsch\flexmark\flexmark-ext-gfm-tables\0.34.30\flexmark-ext-gfm-tables-0.34.30.jar;C:\Users\Dimas Rizqi Suryana\.m2\repository\com\vladsch\flexmark\flexmark-ext-gfm-tasklist\0.34.30\flexmark-ext-gfm-tasklist-0.34.30.jar;C:\Users\Dimas Rizqi Suryana\.m2\repository\com\vladsch\flexmark\flexmark-ext-gfm-users\0.34.30\flexmark-ext-gfm-users-0.34.30.jar;C:\Users\Dimas Rizqi Suryana\.m2\repository\com\vladsch\flexmark\flexmark-ext-gitlab\0.34.30\flexmark-ext-gitlab-0.34.30.jar;C:\Users\Dimas Rizqi Suryana\.m2\repository\com\vladsch\flexmark\flexmark-ext-jekyll-front-matter\0.34.30\flexmark-ext-jekyll-front-matter-0.34.30.jar;C:\Users\Dimas Rizqi Suryana\.m2\repository\com\vladsch\flexmark\flexmark-ext-jekyll-tag\0.34.30\flexmark-ext-jekyll-tag-0.34.30.jar;C:\Users\Dimas Rizqi Suryana\.m2\repository\com\vladsch\flexmark\flexmark-ext-media-tags\0.34.30\flexmark-ext-media-tags-0.34.30.jar;C:\Users\Dimas Rizqi Suryana\.m2\repository\com\vladsch\flexmark\flexmark-test-util\0.34.30\flexmark-test-util-0.34.30.jar;C:\Users\Dimas Rizqi Suryana\.m2\repository\com\vladsch\flexmark\flexmark-ext-ins\0.34.30\flexmark-ext-ins-0.34.30.jar;C:\Users\Dimas Rizqi Suryana\.m2\repository\com\vladsch\flexmark\flexmark-ext-xwiki-macros\0.34.30\flexmark-ext-xwiki-macros-0.34.30.jar;C:\Users\Dimas Rizqi Suryana\.m2\repository\com\vladsch\flexmark\flexmark-ext-superscript\0.34.30\flexmark-ext-superscript-0.34.30.jar;C:\Users\Dimas Rizqi Suryana\.m2\repository\com\vladsch\flexmark\flexmark-ext-tables\0.34.30\flexmark-ext-tables-0.34.30.jar;C:\Users\Dimas Rizqi Suryana\.m2\repository\com\vladsch\flexmark\flexmark-ext-toc\0.34.30\flexmark-ext-toc-0.34.30.jar;C:\Users\Dimas Rizqi Suryana\.m2\repository\com\vladsch\flexmark\flexmark-ext-typographic\0.34.30\flexmark-ext-typographic-0.34.30.jar;C:\Users\Dimas Rizqi Suryana\.m2\repository\com\vladsch\flexmark\flexmark-ext-wikilink\0.34.30\flexmark-ext-wikilink-0.34.30.jar;C:\Users\Dimas Rizqi Suryana\.m2\repository\com\vladsch\flexmark\flexmark-ext-yaml-front-matter\0.34.30\flexmark-ext-yaml-front-matter-0.34.30.jar;C:\Users\Dimas Rizqi Suryana\.m2\repository\com\vladsch\flexmark\flexmark-ext-youtube-embedded\0.34.30\flexmark-ext-youtube-embedded-0.34.30.jar;C:\Users\Dimas Rizqi Suryana\.m2\repository\com\vladsch\flexmark\flexmark-formatter\0.34.30\flexmark-formatter-0.34.30.jar;C:\Users\Dimas Rizqi Suryana\.m2\repository\com\vladsch\flexmark\flexmark-html-parser\0.34.30\flexmark-html-parser-0.34.30.jar;C:\Users\Dimas Rizqi Suryana\.m2\repository\com\vladsch\flexmark\flexmark-jira-converter\0.34.30\flexmark-jira-converter-0.34.30.jar;C:\Users\Dimas Rizqi Suryana\.m2\repository\com\vladsch\flexmark\flexmark-pdf-converter\0.34.30\flexmark-pdf-converter-0.34.30.jar;C:\Users\Dimas Rizqi Suryana\.m2\repository\com\openhtmltopdf\openhtmltopdf-core\0.0.1-RC13\openhtmltopdf-core-0.0.1-RC13.jar;C:\Users\Dimas Rizqi Suryana\.m2\repository\com\openhtmltopdf\openhtmltopdf-pdfbox\0.0.1-RC13\openhtmltopdf-pdfbox-0.0.1-RC13.jar;C:\Users\Dimas Rizqi Suryana\.m2\repository\org\apache\pdfbox\pdfbox\2.0.8\pdfbox-2.0.8.jar;C:\Users\Dimas Rizqi Suryana\.m2\repository\org\apache\pdfbox\fontbox\2.0.8\fontbox-2.0.8.jar;C:\Users\Dimas Rizqi Suryana\.m2\repository\org\apache\pdfbox\xmpbox\2.0.8\xmpbox-2.0.8.jar;C:\Users\Dimas Rizqi Suryana\.m2\repository\de\rototor\pdfbox\graphics2d\0.12\graphics2d-0.12.jar;C:\Users\Dimas Rizqi Suryana\.m2\repository\com\openhtmltopdf\openhtmltopdf-rtl-support\0.0.1-RC13\openhtmltopdf-rtl-support-0.0.1-RC13.jar;C:\Users\Dimas Rizqi Suryana\.m2\repository\com\ibm\icu\icu4j\59.1\icu4j-59.1.jar;C:\Users\Dimas Rizqi Suryana\.m2\repository\com\openhtmltopdf\openhtmltopdf-jsoup-dom-converter\0.0.1-RC13\openhtmltopdf-jsoup-dom-converter-0.0.1-RC13.jar;C:\Users\Dimas Rizqi Suryana\.m2\repository\com\vladsch\flexmark\flexmark-profile-pegdown\0.34.30\flexmark-profile-pegdown-0.34.30.jar;C:\Users\Dimas Rizqi Suryana\.m2\repository\com\vladsch\flexmark\flexmark-util\0.34.30\flexmark-util-0.34.30.jar;C:\Users\Dimas Rizqi Suryana\.m2\repository\com\vladsch\flexmark\flexmark-youtrack-converter\0.34.30\flexmark-youtrack-converter-0.34.30.jar;C:\Users\Dimas Rizqi Suryana\.m2\repository\es\nitaur\markdown\txtmark\0.16\txtmark-0.16.jar;C:\Users\Dimas Rizqi Suryana\.m2\repository\net\serenity-bdd\serenity-report-resources\3.6.12\serenity-report-resources-3.6.12.jar;C:\Users\Dimas Rizqi Suryana\.m2\repository\com\google\code\gson\gson\2.9.0\gson-2.9.0.jar;C:\Users\Dimas Rizqi Suryana\.m2\repository\com\fasterxml\jackson\core\jackson-core\2.14.2\jackson-core-2.14.2.jar;C:\Users\Dimas Rizqi Suryana\.m2\repository\com\fasterxml\jackson\core\jackson-databind\2.14.2\jackson-databind-2.14.2.jar;C:\Users\Dimas Rizqi Suryana\.m2\repository\com\fasterxml\jackson\core\jackson-annotations\2.14.2\jackson-annotations-2.14.2.jar;C:\Users\Dimas Rizqi Suryana\.m2\repository\commons-codec\commons-codec\1.15\commons-codec-1.15.jar;C:\Users\Dimas Rizqi Suryana\.m2\repository\commons-io\commons-io\2.11.0\commons-io-2.11.0.jar;C:\Users\Dimas Rizqi Suryana\.m2\repository\org\apache\httpcomponents\httpclient\4.5.13\httpclient-4.5.13.jar;C:\Users\Dimas Rizqi Suryana\.m2\repository\org\apache\httpcomponents\httpcore\4.4.13\httpcore-4.4.13.jar;C:\Users\Dimas Rizqi Suryana\.m2\repository\commons-logging\commons-logging\1.2\commons-logging-1.2.jar;C:\Users\Dimas Rizqi Suryana\.m2\repository\org\seleniumhq\selenium\selenium-java\4.8.0\selenium-java-4.8.0.jar;C:\Users\Dimas Rizqi Suryana\.m2\repository\org\seleniumhq\selenium\selenium-devtools-v107\4.8.0\selenium-devtools-v107-4.8.0.jar;C:\Users\Dimas Rizqi Suryana\.m2\repository\org\seleniumhq\selenium\selenium-devtools-v108\4.8.0\selenium-devtools-v108-4.8.0.jar;C:\Users\Dimas Rizqi Suryana\.m2\repository\org\seleniumhq\selenium\selenium-devtools-v109\4.8.0\selenium-devtools-v109-4.8.0.jar;C:\Users\Dimas Rizqi Suryana\.m2\repository\org\seleniumhq\selenium\selenium-devtools-v85\4.8.0\selenium-devtools-v85-4.8.0.jar;C:\Users\Dimas Rizqi Suryana\.m2\repository\org\seleniumhq\selenium\selenium-remote-driver\4.8.0\selenium-remote-driver-4.8.0.jar;C:\Users\Dimas Rizqi Suryana\.m2\repository\com\beust\jcommander\1.82\jcommander-1.82.jar;C:\Users\Dimas Rizqi Suryana\.m2\repository\io\netty\netty-buffer\4.1.87.Final\netty-buffer-4.1.87.Final.jar;C:\Users\Dimas Rizqi Suryana\.m2\repository\io\netty\netty-codec-http\4.1.87.Final\netty-codec-http-4.1.87.Final.jar;C:\Users\Dimas Rizqi Suryana\.m2\repository\io\netty\netty-codec\4.1.87.Final\netty-codec-4.1.87.Final.jar;C:\Users\Dimas Rizqi Suryana\.m2\repository\io\netty\netty-handler\4.1.87.Final\netty-handler-4.1.87.Final.jar;C:\Users\Dimas Rizqi Suryana\.m2\repository\io\netty\netty-common\4.1.87.Final\netty-common-4.1.87.Final.jar;C:\Users\Dimas Rizqi Suryana\.m2\repository\io\netty\netty-transport-classes-epoll\4.1.87.Final\netty-transport-classes-epoll-4.1.87.Final.jar;C:\Users\Dimas Rizqi Suryana\.m2\repository\io\netty\netty-transport-classes-kqueue\4.1.87.Final\netty-transport-classes-kqueue-4.1.87.Final.jar;C:\Users\Dimas Rizqi Suryana\.m2\repository\io\netty\netty-transport-native-epoll\4.1.87.Final\netty-transport-native-epoll-4.1.87.Final.jar;C:\Users\Dimas Rizqi Suryana\.m2\repository\io\netty\netty-transport-native-kqueue\4.1.87.Final\netty-transport-native-kqueue-4.1.87.Final.jar;C:\Users\Dimas Rizqi Suryana\.m2\repository\io\netty\netty-transport-native-unix-common\4.1.87.Final\netty-transport-native-unix-common-4.1.87.Final.jar;C:\Users\Dimas Rizqi Suryana\.m2\repository\io\netty\netty-transport\4.1.87.Final\netty-transport-4.1.87.Final.jar;C:\Users\Dimas Rizqi Suryana\.m2\repository\io\netty\netty-resolver\4.1.87.Final\netty-resolver-4.1.87.Final.jar;C:\Users\Dimas Rizqi Suryana\.m2\repository\io\opentelemetry\opentelemetry-api\1.22.0\opentelemetry-api-1.22.0.jar;C:\Users\Dimas Rizqi Suryana\.m2\repository\io\opentelemetry\opentelemetry-context\1.22.0\opentelemetry-context-1.22.0.jar;C:\Users\Dimas Rizqi Suryana\.m2\repository\io\opentelemetry\opentelemetry-exporter-logging\1.22.0\opentelemetry-exporter-logging-1.22.0.jar;C:\Users\Dimas Rizqi Suryana\.m2\repository\io\opentelemetry\opentelemetry-sdk-metrics\1.22.0\opentelemetry-sdk-metrics-1.22.0.jar;C:\Users\Dimas Rizqi Suryana\.m2\repository\io\opentelemetry\opentelemetry-sdk-logs\1.22.0-alpha\opentelemetry-sdk-logs-1.22.0-alpha.jar;C:\Users\Dimas Rizqi Suryana\.m2\repository\io\opentelemetry\opentelemetry-api-logs\1.22.0-alpha\opentelemetry-api-logs-1.22.0-alpha.jar;C:\Users\Dimas Rizqi Suryana\.m2\repository\io\opentelemetry\opentelemetry-sdk-common\1.22.0\opentelemetry-sdk-common-1.22.0.jar;C:\Users\Dimas Rizqi Suryana\.m2\repository\io\opentelemetry\opentelemetry-sdk-extension-autoconfigure-spi\1.22.0\opentelemetry-sdk-extension-autoconfigure-spi-1.22.0.jar;C:\Users\Dimas Rizqi Suryana\.m2\repository\io\opentelemetry\opentelemetry-sdk-extension-autoconfigure\1.22.0-alpha\opentelemetry-sdk-extension-autoconfigure-1.22.0-alpha.jar;C:\Users\Dimas Rizqi Suryana\.m2\repository\io\opentelemetry\opentelemetry-sdk-trace\1.22.0\opentelemetry-sdk-trace-1.22.0.jar;C:\Users\Dimas Rizqi Suryana\.m2\repository\io\opentelemetry\opentelemetry-sdk\1.22.0\opentelemetry-sdk-1.22.0.jar;C:\Users\Dimas Rizqi Suryana\.m2\repository\io\opentelemetry\opentelemetry-semconv\1.22.0-alpha\opentelemetry-semconv-1.22.0-alpha.jar;C:\Users\Dimas Rizqi Suryana\.m2\repository\io\ous\jtoml\2.0.0\jtoml-2.0.0.jar;C:\Users\Dimas Rizqi Suryana\.m2\repository\org\apache\commons\commons-exec\1.3\commons-exec-1.3.jar;C:\Users\Dimas Rizqi Suryana\.m2\repository\org\asynchttpclient\async-http-client\2.12.3\async-http-client-2.12.3.jar;C:\Users\Dimas Rizqi Suryana\.m2\repository\org\asynchttpclient\async-http-client-netty-utils\2.12.3\async-http-client-netty-utils-2.12.3.jar;C:\Users\Dimas Rizqi Suryana\.m2\repository\io\netty\netty-codec-socks\4.1.60.Final\netty-codec-socks-4.1.60.Final.jar;C:\Users\Dimas Rizqi Suryana\.m2\repository\io\netty\netty-handler-proxy\4.1.60.Final\netty-handler-proxy-4.1.60.Final.jar;C:\Users\Dimas Rizqi Suryana\.m2\repository\io\netty\netty-transport-native-epoll\4.1.60.Final\netty-transport-native-epoll-4.1.60.Final-linux-x86_64.jar;C:\Users\Dimas Rizqi Suryana\.m2\repository\io\netty\netty-transport-native-kqueue\4.1.60.Final\netty-transport-native-kqueue-4.1.60.Final-osx-x86_64.jar;C:\Users\Dimas Rizqi Suryana\.m2\repository\org\reactivestreams\reactive-streams\1.0.3\reactive-streams-1.0.3.jar;C:\Users\Dimas Rizqi Suryana\.m2\repository\com\typesafe\netty\netty-reactive-streams\2.0.4\netty-reactive-streams-2.0.4.jar;C:\Users\Dimas Rizqi Suryana\.m2\repository\org\seleniumhq\selenium\selenium-manager\4.8.0\selenium-manager-4.8.0.jar;C:\Users\Dimas Rizqi Suryana\.m2\repository\org\seleniumhq\selenium\selenium-safari-driver\4.8.0\selenium-safari-driver-4.8.0.jar;C:\Users\Dimas Rizqi Suryana\.m2\repository\org\seleniumhq\selenium\selenium-api\4.8.0\selenium-api-4.8.0.jar;C:\Users\Dimas Rizqi Suryana\.m2\repository\org\seleniumhq\selenium\selenium-support\4.8.0\selenium-support-4.8.0.jar;C:\Users\Dimas Rizqi Suryana\.m2\repository\com\google\auto\service\auto-service-annotations\1.0.1\auto-service-annotations-1.0.1.jar;C:\Users\Dimas Rizqi Suryana\.m2\repository\com\google\auto\service\auto-service\1.0.1\auto-service-1.0.1.jar;C:\Users\Dimas Rizqi Suryana\.m2\repository\com\google\auto\auto-common\1.2\auto-common-1.2.jar;C:\Users\Dimas Rizqi Suryana\.m2\repository\org\seleniumhq\selenium\selenium-json\4.8.0\selenium-json-4.8.0.jar;C:\Users\Dimas Rizqi Suryana\.m2\repository\org\seleniumhq\selenium\selenium-chrome-driver\4.8.0\selenium-chrome-driver-4.8.0.jar;C:\Users\Dimas Rizqi Suryana\.m2\repository\org\seleniumhq\selenium\selenium-chromium-driver\4.8.0\selenium-chromium-driver-4.8.0.jar;C:\Users\Dimas Rizqi Suryana\.m2\repository\org\seleniumhq\selenium\selenium-firefox-driver\4.8.0\selenium-firefox-driver-4.8.0.jar;C:\Users\Dimas Rizqi Suryana\.m2\repository\org\seleniumhq\selenium\selenium-http\4.8.0\selenium-http-4.8.0.jar;C:\Users\Dimas Rizqi Suryana\.m2\repository\dev\failsafe\failsafe\3.3.0\failsafe-3.3.0.jar;C:\Users\Dimas Rizqi Suryana\.m2\repository\org\seleniumhq\selenium\selenium-edge-driver\4.8.0\selenium-edge-driver-4.8.0.jar;C:\Users\Dimas Rizqi Suryana\.m2\repository\org\seleniumhq\selenium\selenium-ie-driver\4.8.0\selenium-ie-driver-4.8.0.jar;C:\Users\Dimas Rizqi Suryana\.m2\repository\org\projectlombok\lombok\1.18.20\lombok-1.18.20.jar;C:\Users\Dimas Rizqi Suryana\.m2\repository\io\appium\java-client\8.3.0\java-client-8.3.0.jar;C:\Users\Dimas Rizqi Suryana\.m2\repository\commons-validator\commons-validator\1.7\commons-validator-1.7.jar;C:\Users\Dimas Rizqi Suryana\.m2\repository\commons-digester\commons-digester\2.1\commons-digester-2.1.jar;C:\Users\Dimas Rizqi Suryana\.m2\repository\org\apache\groovy\groovy\4.0.6\groovy-4.0.6.jar;C:\Users\Dimas Rizqi Suryana\.m2\repository\net\sf\opencsv\opencsv\2.0\opencsv-2.0.jar;C:\Users\Dimas Rizqi Suryana\.m2\repository\commons-beanutils\commons-beanutils\1.9.4\commons-beanutils-1.9.4.jar;C:\Users\Dimas Rizqi Suryana\.m2\repository\org\apache\commons\commons-lang3\3.12.0\commons-lang3-3.12.0.jar;C:\Users\Dimas Rizqi Suryana\.m2\repository\commons-collections\commons-collections\3.2.2\commons-collections-3.2.2.jar;C:\Users\Dimas Rizqi Suryana\.m2\repository\org\fluentlenium\fluentlenium-core\0.10.2\fluentlenium-core-0.10.2.jar;C:\Users\Dimas Rizqi Suryana\.m2\repository\io\github\bonigarcia\webdrivermanager\5.3.0\webdrivermanager-5.3.0.jar;C:\Users\Dimas Rizqi Suryana\.m2\repository\com\github\docker-java\docker-java\3.2.13\docker-java-3.2.13.jar;C:\Users\Dimas Rizqi Suryana\.m2\repository\com\github\docker-java\docker-java-core\3.2.13\docker-java-core-3.2.13.jar;C:\Users\Dimas Rizqi Suryana\.m2\repository\com\github\docker-java\docker-java-api\3.2.13\docker-java-api-3.2.13.jar;C:\Users\Dimas Rizqi Suryana\.m2\repository\org\apache\commons\commons-compress\1.21\commons-compress-1.21.jar;C:\Users\Dimas Rizqi Suryana\.m2\repository\org\bouncycastle\bcpkix-jdk15on\1.64\bcpkix-jdk15on-1.64.jar;C:\Users\Dimas Rizqi Suryana\.m2\repository\org\bouncycastle\bcprov-jdk15on\1.64\bcprov-jdk15on-1.64.jar;C:\Users\Dimas Rizqi Suryana\.m2\repository\org\slf4j\jcl-over-slf4j\1.7.30\jcl-over-slf4j-1.7.30.jar;C:\Users\Dimas Rizqi Suryana\.m2\repository\com\github\docker-java\docker-java-transport-httpclient5\3.2.13\docker-java-transport-httpclient5-3.2.13.jar;C:\Users\Dimas Rizqi Suryana\.m2\repository\com\github\docker-java\docker-java-transport\3.2.13\docker-java-transport-3.2.13.jar;C:\Users\Dimas Rizqi Suryana\.m2\repository\net\java\dev\jna\jna\5.8.0\jna-5.8.0.jar;C:\Users\Dimas Rizqi Suryana\.m2\repository\org\brotli\dec\0.1.2\dec-0.1.2.jar;C:\Users\Dimas Rizqi Suryana\.m2\repository\org\apache\httpcomponents\client5\httpclient5\5.1.3\httpclient5-5.1.3.jar;C:\Users\Dimas Rizqi Suryana\.m2\repository\org\apache\httpcomponents\core5\httpcore5\5.1.3\httpcore5-5.1.3.jar;C:\Users\Dimas Rizqi Suryana\.m2\repository\org\apache\httpcomponents\core5\httpcore5-h2\5.1.3\httpcore5-h2-5.1.3.jar;C:\Users\Dimas Rizqi Suryana\.m2\repository\com\jhlabs\filters\2.0.235\filters-2.0.235.jar;C:\Users\Dimas Rizqi Suryana\.m2\repository\com\paulhammant\ngwebdriver\1.1.6\ngwebdriver-1.1.6.jar;C:\Users\Dimas Rizqi Suryana\.m2\repository\joda-time\joda-time\2.8.2\joda-time-2.8.2.jar;C:\Users\Dimas Rizqi Suryana\.m2\repository\org\hamcrest\hamcrest\2.2\hamcrest-2.2.jar;C:\Users\Dimas Rizqi Suryana\.m2\repository\com\google\jimfs\jimfs\1.2\jimfs-1.2.jar;C:\Users\Dimas Rizqi Suryana\.m2\repository\org\mockito\mockito-core\3.3.3\mockito-core-3.3.3.jar;C:\Users\Dimas Rizqi Suryana\.m2\repository\javax\xml\bind\jaxb-api\2.3.1\jaxb-api-2.3.1.jar;C:\Users\Dimas Rizqi Suryana\.m2\repository\javax\activation\javax.activation-api\1.2.0\javax.activation-api-1.2.0.jar;C:\Users\Dimas Rizqi Suryana\.m2\repository\com\sun\xml\bind\jaxb-core\2.3.0.1\jaxb-core-2.3.0.1.jar;C:\Users\Dimas Rizqi Suryana\.m2\repository\com\sun\xml\bind\jaxb-impl\2.3.3\jaxb-impl-2.3.3.jar;C:\Users\Dimas Rizqi Suryana\.m2\repository\jakarta\xml\bind\jakarta.xml.bind-api\2.3.3\jakarta.xml.bind-api-2.3.3.jar;C:\Users\Dimas Rizqi Suryana\.m2\repository\com\sun\activation\jakarta.activation\1.2.2\jakarta.activation-1.2.2.jar;C:\Users\Dimas Rizqi Suryana\.m2\repository\javax\activation\activation\1.1.1\activation-1.1.1.jar;C:\Users\Dimas Rizqi Suryana\.m2\repository\net\serenity-bdd\serenity-rest-assured\3.6.12\serenity-rest-assured-3.6.12.jar;C:\Users\Dimas Rizqi Suryana\.m2\repository\io\rest-assured\rest-assured\5.2.0\rest-assured-5.2.0.jar;C:\Users\Dimas Rizqi Suryana\.m2\repository\org\apache\httpcomponents\httpmime\4.5.13\httpmime-4.5.13.jar;C:\Users\Dimas Rizqi Suryana\.m2\repository\org\ccil\cowan\tagsoup\tagsoup\1.2.1\tagsoup-1.2.1.jar;C:\Users\Dimas Rizqi Suryana\.m2\repository\io\rest-assured\json-path\5.2.0\json-path-5.2.0.jar;C:\Users\Dimas Rizqi Suryana\.m2\repository\io\rest-assured\rest-assured-common\5.2.0\rest-assured-common-5.2.0.jar;C:\Users\Dimas Rizqi Suryana\.m2\repository\io\rest-assured\xml-path\5.2.0\xml-path-5.2.0.jar;C:\Users\Dimas Rizqi Suryana\.m2\repository\org\apache\groovy\groovy-json\4.0.6\groovy-json-4.0.6.jar;C:\Users\Dimas Rizqi Suryana\.m2\repository\org\apache\groovy\groovy-xml\4.0.6\groovy-xml-4.0.6.jar;C:\Users\Dimas Rizqi Suryana\.m2\repository\org\opentest4j\opentest4j\1.2.0\opentest4j-1.2.0.jar;C:\Users\Dimas Rizqi Suryana\.m2\repository\net\serenity-bdd\serenity-cucumber\3.6.12\serenity-cucumber-3.6.12.jar;C:\Users\Dimas Rizqi Suryana\.m2\repository\io\cucumber\cucumber-core\7.11.0\cucumber-core-7.11.0.jar;C:\Users\Dimas Rizqi Suryana\.m2\repository\io\cucumber\cucumber-gherkin\7.11.0\cucumber-gherkin-7.11.0.jar;C:\Users\Dimas Rizqi Suryana\.m2\repository\io\cucumber\cucumber-gherkin-messages\7.11.0\cucumber-gherkin-messages-7.11.0.jar;C:\Users\Dimas Rizqi Suryana\.m2\repository\io\cucumber\gherkin\26.0.3\gherkin-26.0.3.jar;C:\Users\Dimas Rizqi Suryana\.m2\repository\io\cucumber\messages\21.0.1\messages-21.0.1.jar;C:\Users\Dimas Rizqi Suryana\.m2\repository\io\cucumber\tag-expressions\5.0.1\tag-expressions-5.0.1.jar;C:\Users\Dimas Rizqi Suryana\.m2\repository\io\cucumber\cucumber-expressions\16.1.1\cucumber-expressions-16.1.1.jar;C:\Users\Dimas Rizqi Suryana\.m2\repository\io\cucumber\datatable\7.11.0\datatable-7.11.0.jar;C:\Users\Dimas Rizqi Suryana\.m2\repository\io\cucumber\cucumber-plugin\7.11.0\cucumber-plugin-7.11.0.jar;C:\Users\Dimas Rizqi Suryana\.m2\repository\io\cucumber\docstring\7.11.0\docstring-7.11.0.jar;C:\Users\Dimas Rizqi Suryana\.m2\repository\io\cucumber\html-formatter\20.2.1\html-formatter-20.2.1.jar;C:\Users\Dimas Rizqi Suryana\.m2\repository\io\cucumber\junit-xml-formatter\0.1.0\junit-xml-formatter-0.1.0.jar;C:\Users\Dimas Rizqi Suryana\.m2\repository\io\cucumber\ci-environment\9.1.0\ci-environment-9.1.0.jar;C:\Users\Dimas Rizqi Suryana\.m2\repository\io\cucumber\cucumber-java\7.11.0\cucumber-java-7.11.0.jar;C:\Users\Dimas Rizqi Suryana\.m2\repository\io\cucumber\cucumber-junit\7.11.0\cucumber-junit-7.11.0.jar;C:\Users\Dimas Rizqi Suryana\.m2\repository\org\apache\commons\commons-csv\1.5\commons-csv-1.5.jar;C:\Users\Dimas Rizqi Suryana\.m2\repository\net\serenity-bdd\serenity-screenplay\3.6.12\serenity-screenplay-3.6.12.jar;C:\Users\Dimas Rizqi Suryana\.m2\repository\net\serenity-bdd\serenity-screenplay-webdriver\3.6.12\serenity-screenplay-webdriver-3.6.12.jar;C:\Users\Dimas Rizqi Suryana\.m2\repository\net\serenity-bdd\serenity-ensure\3.6.12\serenity-ensure-3.6.12.jar;C:\Users\Dimas Rizqi Suryana\.m2\repository\net\serenity-bdd\serenity-junit\3.6.12\serenity-junit-3.6.12.jar;C:\Users\Dimas Rizqi Suryana\.m2\repository\org\jetbrains\kotlin\kotlin-stdlib\1.7.21\kotlin-stdlib-1.7.21.jar;C:\Users\Dimas Rizqi Suryana\.m2\repository\org\jetbrains\kotlin\kotlin-stdlib-common\1.7.21\kotlin-stdlib-common-1.7.21.jar;C:\Users\Dimas Rizqi Suryana\.m2\repository\org\jetbrains\annotations\13.0\annotations-13.0.jar;C:\Users\Dimas Rizqi Suryana\.m2\repository\org\junit\platform\junit-platform-launcher\1.9.2\junit-platform-launcher-1.9.2.jar;C:\Users\Dimas Rizqi Suryana\.m2\repository\org\junit\platform\junit-platform-engine\1.9.2\junit-platform-engine-1.9.2.jar;C:\Users\Dimas Rizqi Suryana\.m2\repository\org\junit\platform\junit-platform-commons\1.9.2\junit-platform-commons-1.9.2.jar;C:\Users\Dimas Rizqi Suryana\.m2\repository\org\apiguardian\apiguardian-api\1.1.2\apiguardian-api-1.1.2.jar;C:\Users\Dimas Rizqi Suryana\.m2\repository\org\junit\jupiter\junit-jupiter-engine\5.9.2\junit-jupiter-engine-5.9.2.jar;C:\Users\Dimas Rizqi Suryana\.m2\repository\org\junit\jupiter\junit-jupiter-api\5.9.2\junit-jupiter-api-5.9.2.jar;C:\Users\Dimas Rizqi Suryana\.m2\repository\org\junit\vintage\junit-vintage-engine\5.9.2\junit-vintage-engine-5.9.2.jar;C:\Users\Dimas Rizqi Suryana\.m2\repository\junit\junit\4.13.2\junit-4.13.2.jar;C:\Users\Dimas Rizqi Suryana\.m2\repository\org\hamcrest\hamcrest-core\1.3\hamcrest-core-1.3.jar;C:\Users\Dimas Rizqi Suryana\.m2\repository\ch\qos\logback\logback-classic\1.4.6\logback-classic-1.4.6.jar;C:\Users\Dimas Rizqi Suryana\.m2\repository\ch\qos\logback\logback-core\1.4.6\logback-core-1.4.6.jar;C:\Users\Dimas Rizqi Suryana\.m2\repository\org\slf4j\slf4j-api\2.0.4\slf4j-api-2.0.4.jar;C:\Users\Dimas Rizqi Suryana\.m2\repository\org\assertj\assertj-core\3.24.2\assertj-core-3.24.2.jar;C:\Users\Dimas Rizqi Suryana\.m2\repository\net\bytebuddy\byte-buddy\1.12.21\byte-buddy-1.12.21.jar;C:\Users\Dimas Rizqi Suryana\.m2\repository\com\googlecode\json-simple\json-simple\1.1.1\json-simple-1.1.1.jar;"/>
    <property name="sun.cpu.endian" value="little"/>
    <property name="user.home" value="C:\Users\Dimas Rizqi Suryana"/>
    <property name="user.language" value="en"/>
    <property name="java.specification.vendor" value="Oracle Corporation"/>
    <property name="jdk.module.path" value="C:\Users\Dimas Rizqi Suryana\REST_Asured\target\RestAssred-1.0-SNAPSHOT.jar"/>
    <property name="java.version.date" value="2022-08-18"/>
    <property name="java.home" value="C:\Program Files\Java\jdk-18.0.2.1"/>
    <property name="file.separator" value="\"/>
    <property name="basedir" value="C:\Users\Dimas Rizqi Suryana\REST_Asured"/>
    <property name="java.vm.compressedOopsMode" value="32-bit"/>
    <property name="line.separator" value="&#10;"/>
    <property name="java.vm.specification.vendor" value="Oracle Corporation"/>
    <property name="java.specification.name" value="Java Platform API Specification"/>
    <property name="surefire.real.class.path" value="C:\Users\Dimas Rizqi Suryana\.m2\repository\org\apache\maven\surefire\surefire-booter\3.0.0-M5\surefire-booter-3.0.0-M5.jar;C:\Users\Dimas Rizqi Suryana\.m2\repository\org\apache\maven\surefire\surefire-api\3.0.0-M5\surefire-api-3.0.0-M5.jar;C:\Users\Dimas Rizqi Suryana\.m2\repository\org\apache\maven\surefire\surefire-logger-api\3.0.0-M5\surefire-logger-api-3.0.0-M5.jar;C:\Users\Dimas Rizqi Suryana\.m2\repository\org\apache\maven\surefire\surefire-shared-utils\3.0.0-M4\surefire-shared-utils-3.0.0-M4.jar;C:\Users\Dimas Rizqi Suryana\.m2\repository\org\apache\maven\surefire\surefire-extensions-spi\3.0.0-M5\surefire-extensions-spi-3.0.0-M5.jar;C:\Users\Dimas Rizqi Suryana\REST_Asured\target\test-classes;C:\Users\Dimas Rizqi Suryana\.m2\repository\net\serenity-bdd\serenity-core\3.6.12\serenity-core-3.6.12.jar;C:\Users\Dimas Rizqi Suryana\.m2\repository\net\serenity-bdd\serenity-model\3.6.12\serenity-model-3.6.12.jar;C:\Users\Dimas Rizqi Suryana\.m2\repository\org\apache\commons\commons-text\1.10.0\commons-text-1.10.0.jar;C:\Users\Dimas Rizqi Suryana\.m2\repository\commons-net\commons-net\3.9.0\commons-net-3.9.0.jar;C:\Users\Dimas Rizqi Suryana\.m2\repository\com\google\guava\guava\31.1-jre\guava-31.1-jre.jar;C:\Users\Dimas Rizqi Suryana\.m2\repository\com\google\guava\failureaccess\1.0.1\failureaccess-1.0.1.jar;C:\Users\Dimas Rizqi Suryana\.m2\repository\com\google\guava\listenablefuture\9999.0-empty-to-avoid-conflict-with-guava\listenablefuture-9999.0-empty-to-avoid-conflict-with-guava.jar;C:\Users\Dimas Rizqi Suryana\.m2\repository\com\google\code\findbugs\jsr305\3.0.2\jsr305-3.0.2.jar;C:\Users\Dimas Rizqi Suryana\.m2\repository\org\checkerframework\checker-qual\3.12.0\checker-qual-3.12.0.jar;C:\Users\Dimas Rizqi Suryana\.m2\repository\com\google\errorprone\error_prone_annotations\2.11.0\error_prone_annotations-2.11.0.jar;C:\Users\Dimas Rizqi Suryana\.m2\repository\com\google\j2objc\j2objc-annotations\1.3\j2objc-annotations-1.3.jar;C:\Users\Dimas Rizqi Suryana\.m2\repository\com\google\inject\guice\5.1.0\guice-5.1.0.jar;C:\Users\Dimas Rizqi Suryana\.m2\repository\javax\inject\javax.inject\1\javax.inject-1.jar;C:\Users\Dimas Rizqi Suryana\.m2\repository\aopalliance\aopalliance\1.0\aopalliance-1.0.jar;C:\Users\Dimas Rizqi Suryana\.m2\repository\org\jsoup\jsoup\1.14.3\jsoup-1.14.3.jar;C:\Users\Dimas Rizqi Suryana\.m2\repository\com\thoughtworks\xstream\xstream\1.4.20\xstream-1.4.20.jar;C:\Users\Dimas Rizqi Suryana\.m2\repository\io\github\x-stream\mxparser\1.2.2\mxparser-1.2.2.jar;C:\Users\Dimas Rizqi Suryana\.m2\repository\xmlpull\xmlpull\1.1.3.1\xmlpull-1.1.3.1.jar;C:\Users\Dimas Rizqi Suryana\.m2\repository\com\typesafe\config\1.4.2\config-1.4.2.jar;C:\Users\Dimas Rizqi Suryana\.m2\repository\org\imgscalr\imgscalr-lib\4.2\imgscalr-lib-4.2.jar;C:\Users\Dimas Rizqi Suryana\.m2\repository\org\awaitility\awaitility\4.2.0\awaitility-4.2.0.jar;C:\Users\Dimas Rizqi Suryana\.m2\repository\org\freemarker\freemarker\2.3.31\freemarker-2.3.31.jar;C:\Users\Dimas Rizqi Suryana\.m2\repository\io\github\classgraph\classgraph\4.8.138\classgraph-4.8.138.jar;C:\Users\Dimas Rizqi Suryana\.m2\repository\net\sourceforge\jexcelapi\jxl\2.6.12\jxl-2.6.12.jar;C:\Users\Dimas Rizqi Suryana\.m2\repository\net\bytebuddy\byte-buddy-agent\1.12.22\byte-buddy-agent-1.12.22.jar;C:\Users\Dimas Rizqi Suryana\.m2\repository\org\objenesis\objenesis\3.1\objenesis-3.1.jar;C:\Users\Dimas Rizqi Suryana\.m2\repository\net\serenity-bdd\serenity-reports\3.6.12\serenity-reports-3.6.12.jar;C:\Users\Dimas Rizqi Suryana\.m2\repository\net\serenity-bdd\serenity-stats\3.6.12\serenity-stats-3.6.12.jar;C:\Users\Dimas Rizqi Suryana\.m2\repository\net\serenity-bdd\serenity-reports-configuration\3.6.12\serenity-reports-configuration-3.6.12.jar;C:\Users\Dimas Rizqi Suryana\.m2\repository\com\vladsch\flexmark\flexmark-all\0.34.30\flexmark-all-0.34.30.jar;C:\Users\Dimas Rizqi Suryana\.m2\repository\com\vladsch\flexmark\flexmark\0.34.30\flexmark-0.34.30.jar;C:\Users\Dimas Rizqi Suryana\.m2\repository\com\vladsch\flexmark\flexmark-ext-abbreviation\0.34.30\flexmark-ext-abbreviation-0.34.30.jar;C:\Users\Dimas Rizqi Suryana\.m2\repository\com\vladsch\flexmark\flexmark-ext-admonition\0.34.30\flexmark-ext-admonition-0.34.30.jar;C:\Users\Dimas Rizqi Suryana\.m2\repository\com\vladsch\flexmark\flexmark-ext-anchorlink\0.34.30\flexmark-ext-anchorlink-0.34.30.jar;C:\Users\Dimas Rizqi Suryana\.m2\repository\com\vladsch\flexmark\flexmark-ext-aside\0.34.30\flexmark-ext-aside-0.34.30.jar;C:\Users\Dimas Rizqi Suryana\.m2\repository\com\vladsch\flexmark\flexmark-ext-attributes\0.34.30\flexmark-ext-attributes-0.34.30.jar;C:\Users\Dimas Rizqi Suryana\.m2\repository\com\vladsch\flexmark\flexmark-ext-autolink\0.34.30\flexmark-ext-autolink-0.34.30.jar;C:\Users\Dimas Rizqi Suryana\.m2\repository\org\nibor\autolink\autolink\0.6.0\autolink-0.6.0.jar;C:\Users\Dimas Rizqi Suryana\.m2\repository\com\vladsch\flexmark\flexmark-ext-definition\0.34.30\flexmark-ext-definition-0.34.30.jar;C:\Users\Dimas Rizqi Suryana\.m2\repository\com\vladsch\flexmark\flexmark-ext-emoji\0.34.30\flexmark-ext-emoji-0.34.30.jar;C:\Users\Dimas Rizqi Suryana\.m2\repository\com\vladsch\flexmark\flexmark-ext-enumerated-reference\0.34.30\flexmark-ext-enumerated-reference-0.34.30.jar;C:\Users\Dimas Rizqi Suryana\.m2\repository\com\vladsch\flexmark\flexmark-ext-escaped-character\0.34.30\flexmark-ext-escaped-character-0.34.30.jar;C:\Users\Dimas Rizqi Suryana\.m2\repository\com\vladsch\flexmark\flexmark-ext-footnotes\0.34.30\flexmark-ext-footnotes-0.34.30.jar;C:\Users\Dimas Rizqi Suryana\.m2\repository\com\vladsch\flexmark\flexmark-ext-gfm-issues\0.34.30\flexmark-ext-gfm-issues-0.34.30.jar;C:\Users\Dimas Rizqi Suryana\.m2\repository\com\vladsch\flexmark\flexmark-ext-gfm-strikethrough\0.34.30\flexmark-ext-gfm-strikethrough-0.34.30.jar;C:\Users\Dimas Rizqi Suryana\.m2\repository\com\vladsch\flexmark\flexmark-ext-gfm-tables\0.34.30\flexmark-ext-gfm-tables-0.34.30.jar;C:\Users\Dimas Rizqi Suryana\.m2\repository\com\vladsch\flexmark\flexmark-ext-gfm-tasklist\0.34.30\flexmark-ext-gfm-tasklist-0.34.30.jar;C:\Users\Dimas Rizqi Suryana\.m2\repository\com\vladsch\flexmark\flexmark-ext-gfm-users\0.34.30\flexmark-ext-gfm-users-0.34.30.jar;C:\Users\Dimas Rizqi Suryana\.m2\repository\com\vladsch\flexmark\flexmark-ext-gitlab\0.34.30\flexmark-ext-gitlab-0.34.30.jar;C:\Users\Dimas Rizqi Suryana\.m2\repository\com\vladsch\flexmark\flexmark-ext-jekyll-front-matter\0.34.30\flexmark-ext-jekyll-front-matter-0.34.30.jar;C:\Users\Dimas Rizqi Suryana\.m2\repository\com\vladsch\flexmark\flexmark-ext-jekyll-tag\0.34.30\flexmark-ext-jekyll-tag-0.34.30.jar;C:\Users\Dimas Rizqi Suryana\.m2\repository\com\vladsch\flexmark\flexmark-ext-media-tags\0.34.30\flexmark-ext-media-tags-0.34.30.jar;C:\Users\Dimas Rizqi Suryana\.m2\repository\com\vladsch\flexmark\flexmark-test-util\0.34.30\flexmark-test-util-0.34.30.jar;C:\Users\Dimas Rizqi Suryana\.m2\repository\com\vladsch\flexmark\flexmark-ext-ins\0.34.30\flexmark-ext-ins-0.34.30.jar;C:\Users\Dimas Rizqi Suryana\.m2\repository\com\vladsch\flexmark\flexmark-ext-xwiki-macros\0.34.30\flexmark-ext-xwiki-macros-0.34.30.jar;C:\Users\Dimas Rizqi Suryana\.m2\repository\com\vladsch\flexmark\flexmark-ext-superscript\0.34.30\flexmark-ext-superscript-0.34.30.jar;C:\Users\Dimas Rizqi Suryana\.m2\repository\com\vladsch\flexmark\flexmark-ext-tables\0.34.30\flexmark-ext-tables-0.34.30.jar;C:\Users\Dimas Rizqi Suryana\.m2\repository\com\vladsch\flexmark\flexmark-ext-toc\0.34.30\flexmark-ext-toc-0.34.30.jar;C:\Users\Dimas Rizqi Suryana\.m2\repository\com\vladsch\flexmark\flexmark-ext-typographic\0.34.30\flexmark-ext-typographic-0.34.30.jar;C:\Users\Dimas Rizqi Suryana\.m2\repository\com\vladsch\flexmark\flexmark-ext-wikilink\0.34.30\flexmark-ext-wikilink-0.34.30.jar;C:\Users\Dimas Rizqi Suryana\.m2\repository\com\vladsch\flexmark\flexmark-ext-yaml-front-matter\0.34.30\flexmark-ext-yaml-front-matter-0.34.30.jar;C:\Users\Dimas Rizqi Suryana\.m2\repository\com\vladsch\flexmark\flexmark-ext-youtube-embedded\0.34.30\flexmark-ext-youtube-embedded-0.34.30.jar;C:\Users\Dimas Rizqi Suryana\.m2\repository\com\vladsch\flexmark\flexmark-formatter\0.34.30\flexmark-formatter-0.34.30.jar;C:\Users\Dimas Rizqi Suryana\.m2\repository\com\vladsch\flexmark\flexmark-html-parser\0.34.30\flexmark-html-parser-0.34.30.jar;C:\Users\Dimas Rizqi Suryana\.m2\repository\com\vladsch\flexmark\flexmark-jira-converter\0.34.30\flexmark-jira-converter-0.34.30.jar;C:\Users\Dimas Rizqi Suryana\.m2\repository\com\vladsch\flexmark\flexmark-pdf-converter\0.34.30\flexmark-pdf-converter-0.34.30.jar;C:\Users\Dimas Rizqi Suryana\.m2\repository\com\openhtmltopdf\openhtmltopdf-core\0.0.1-RC13\openhtmltopdf-core-0.0.1-RC13.jar;C:\Users\Dimas Rizqi Suryana\.m2\repository\com\openhtmltopdf\openhtmltopdf-pdfbox\0.0.1-RC13\openhtmltopdf-pdfbox-0.0.1-RC13.jar;C:\Users\Dimas Rizqi Suryana\.m2\repository\org\apache\pdfbox\pdfbox\2.0.8\pdfbox-2.0.8.jar;C:\Users\Dimas Rizqi Suryana\.m2\repository\org\apache\pdfbox\fontbox\2.0.8\fontbox-2.0.8.jar;C:\Users\Dimas Rizqi Suryana\.m2\repository\org\apache\pdfbox\xmpbox\2.0.8\xmpbox-2.0.8.jar;C:\Users\Dimas Rizqi Suryana\.m2\repository\de\rototor\pdfbox\graphics2d\0.12\graphics2d-0.12.jar;C:\Users\Dimas Rizqi Suryana\.m2\repository\com\openhtmltopdf\openhtmltopdf-rtl-support\0.0.1-RC13\openhtmltopdf-rtl-support-0.0.1-RC13.jar;C:\Users\Dimas Rizqi Suryana\.m2\repository\com\ibm\icu\icu4j\59.1\icu4j-59.1.jar;C:\Users\Dimas Rizqi Suryana\.m2\repository\com\openhtmltopdf\openhtmltopdf-jsoup-dom-converter\0.0.1-RC13\openhtmltopdf-jsoup-dom-converter-0.0.1-RC13.jar;C:\Users\Dimas Rizqi Suryana\.m2\repository\com\vladsch\flexmark\flexmark-profile-pegdown\0.34.30\flexmark-profile-pegdown-0.34.30.jar;C:\Users\Dimas Rizqi Suryana\.m2\repository\com\vladsch\flexmark\flexmark-util\0.34.30\flexmark-util-0.34.30.jar;C:\Users\Dimas Rizqi Suryana\.m2\repository\com\vladsch\flexmark\flexmark-youtrack-converter\0.34.30\flexmark-youtrack-converter-0.34.30.jar;C:\Users\Dimas Rizqi Suryana\.m2\repository\es\nitaur\markdown\txtmark\0.16\txtmark-0.16.jar;C:\Users\Dimas Rizqi Suryana\.m2\repository\net\serenity-bdd\serenity-report-resources\3.6.12\serenity-report-resources-3.6.12.jar;C:\Users\Dimas Rizqi Suryana\.m2\repository\com\google\code\gson\gson\2.9.0\gson-2.9.0.jar;C:\Users\Dimas Rizqi Suryana\.m2\repository\com\fasterxml\jackson\core\jackson-core\2.14.2\jackson-core-2.14.2.jar;C:\Users\Dimas Rizqi Suryana\.m2\repository\com\fasterxml\jackson\core\jackson-databind\2.14.2\jackson-databind-2.14.2.jar;C:\Users\Dimas Rizqi Suryana\.m2\repository\com\fasterxml\jackson\core\jackson-annotations\2.14.2\jackson-annotations-2.14.2.jar;C:\Users\Dimas Rizqi Suryana\.m2\repository\commons-codec\commons-codec\1.15\commons-codec-1.15.jar;C:\Users\Dimas Rizqi Suryana\.m2\repository\commons-io\commons-io\2.11.0\commons-io-2.11.0.jar;C:\Users\Dimas Rizqi Suryana\.m2\repository\org\apache\httpcomponents\httpclient\4.5.13\httpclient-4.5.13.jar;C:\Users\Dimas Rizqi Suryana\.m2\repository\org\apache\httpcomponents\httpcore\4.4.13\httpcore-4.4.13.jar;C:\Users\Dimas Rizqi Suryana\.m2\repository\commons-logging\commons-logging\1.2\commons-logging-1.2.jar;C:\Users\Dimas Rizqi Suryana\.m2\repository\org\seleniumhq\selenium\selenium-java\4.8.0\selenium-java-4.8.0.jar;C:\Users\Dimas Rizqi Suryana\.m2\repository\org\seleniumhq\selenium\selenium-devtools-v107\4.8.0\selenium-devtools-v107-4.8.0.jar;C:\Users\Dimas Rizqi Suryana\.m2\repository\org\seleniumhq\selenium\selenium-devtools-v108\4.8.0\selenium-devtools-v108-4.8.0.jar;C:\Users\Dimas Rizqi Suryana\.m2\repository\org\seleniumhq\selenium\selenium-devtools-v109\4.8.0\selenium-devtools-v109-4.8.0.jar;C:\Users\Dimas Rizqi Suryana\.m2\repository\org\seleniumhq\selenium\selenium-devtools-v85\4.8.0\selenium-devtools-v85-4.8.0.jar;C:\Users\Dimas Rizqi Suryana\.m2\repository\org\seleniumhq\selenium\selenium-remote-driver\4.8.0\selenium-remote-driver-4.8.0.jar;C:\Users\Dimas Rizqi Suryana\.m2\repository\com\beust\jcommander\1.82\jcommander-1.82.jar;C:\Users\Dimas Rizqi Suryana\.m2\repository\io\netty\netty-buffer\4.1.87.Final\netty-buffer-4.1.87.Final.jar;C:\Users\Dimas Rizqi Suryana\.m2\repository\io\netty\netty-codec-http\4.1.87.Final\netty-codec-http-4.1.87.Final.jar;C:\Users\Dimas Rizqi Suryana\.m2\repository\io\netty\netty-codec\4.1.87.Final\netty-codec-4.1.87.Final.jar;C:\Users\Dimas Rizqi Suryana\.m2\repository\io\netty\netty-handler\4.1.87.Final\netty-handler-4.1.87.Final.jar;C:\Users\Dimas Rizqi Suryana\.m2\repository\io\netty\netty-common\4.1.87.Final\netty-common-4.1.87.Final.jar;C:\Users\Dimas Rizqi Suryana\.m2\repository\io\netty\netty-transport-classes-epoll\4.1.87.Final\netty-transport-classes-epoll-4.1.87.Final.jar;C:\Users\Dimas Rizqi Suryana\.m2\repository\io\netty\netty-transport-classes-kqueue\4.1.87.Final\netty-transport-classes-kqueue-4.1.87.Final.jar;C:\Users\Dimas Rizqi Suryana\.m2\repository\io\netty\netty-transport-native-epoll\4.1.87.Final\netty-transport-native-epoll-4.1.87.Final.jar;C:\Users\Dimas Rizqi Suryana\.m2\repository\io\netty\netty-transport-native-kqueue\4.1.87.Final\netty-transport-native-kqueue-4.1.87.Final.jar;C:\Users\Dimas Rizqi Suryana\.m2\repository\io\netty\netty-transport-native-unix-common\4.1.87.Final\netty-transport-native-unix-common-4.1.87.Final.jar;C:\Users\Dimas Rizqi Suryana\.m2\repository\io\netty\netty-transport\4.1.87.Final\netty-transport-4.1.87.Final.jar;C:\Users\Dimas Rizqi Suryana\.m2\repository\io\netty\netty-resolver\4.1.87.Final\netty-resolver-4.1.87.Final.jar;C:\Users\Dimas Rizqi Suryana\.m2\repository\io\opentelemetry\opentelemetry-api\1.22.0\opentelemetry-api-1.22.0.jar;C:\Users\Dimas Rizqi Suryana\.m2\repository\io\opentelemetry\opentelemetry-context\1.22.0\opentelemetry-context-1.22.0.jar;C:\Users\Dimas Rizqi Suryana\.m2\repository\io\opentelemetry\opentelemetry-exporter-logging\1.22.0\opentelemetry-exporter-logging-1.22.0.jar;C:\Users\Dimas Rizqi Suryana\.m2\repository\io\opentelemetry\opentelemetry-sdk-metrics\1.22.0\opentelemetry-sdk-metrics-1.22.0.jar;C:\Users\Dimas Rizqi Suryana\.m2\repository\io\opentelemetry\opentelemetry-sdk-logs\1.22.0-alpha\opentelemetry-sdk-logs-1.22.0-alpha.jar;C:\Users\Dimas Rizqi Suryana\.m2\repository\io\opentelemetry\opentelemetry-api-logs\1.22.0-alpha\opentelemetry-api-logs-1.22.0-alpha.jar;C:\Users\Dimas Rizqi Suryana\.m2\repository\io\opentelemetry\opentelemetry-sdk-common\1.22.0\opentelemetry-sdk-common-1.22.0.jar;C:\Users\Dimas Rizqi Suryana\.m2\repository\io\opentelemetry\opentelemetry-sdk-extension-autoconfigure-spi\1.22.0\opentelemetry-sdk-extension-autoconfigure-spi-1.22.0.jar;C:\Users\Dimas Rizqi Suryana\.m2\repository\io\opentelemetry\opentelemetry-sdk-extension-autoconfigure\1.22.0-alpha\opentelemetry-sdk-extension-autoconfigure-1.22.0-alpha.jar;C:\Users\Dimas Rizqi Suryana\.m2\repository\io\opentelemetry\opentelemetry-sdk-trace\1.22.0\opentelemetry-sdk-trace-1.22.0.jar;C:\Users\Dimas Rizqi Suryana\.m2\repository\io\opentelemetry\opentelemetry-sdk\1.22.0\opentelemetry-sdk-1.22.0.jar;C:\Users\Dimas Rizqi Suryana\.m2\repository\io\opentelemetry\opentelemetry-semconv\1.22.0-alpha\opentelemetry-semconv-1.22.0-alpha.jar;C:\Users\Dimas Rizqi Suryana\.m2\repository\io\ous\jtoml\2.0.0\jtoml-2.0.0.jar;C:\Users\Dimas Rizqi Suryana\.m2\repository\org\apache\commons\commons-exec\1.3\commons-exec-1.3.jar;C:\Users\Dimas Rizqi Suryana\.m2\repository\org\asynchttpclient\async-http-client\2.12.3\async-http-client-2.12.3.jar;C:\Users\Dimas Rizqi Suryana\.m2\repository\org\asynchttpclient\async-http-client-netty-utils\2.12.3\async-http-client-netty-utils-2.12.3.jar;C:\Users\Dimas Rizqi Suryana\.m2\repository\io\netty\netty-codec-socks\4.1.60.Final\netty-codec-socks-4.1.60.Final.jar;C:\Users\Dimas Rizqi Suryana\.m2\repository\io\netty\netty-handler-proxy\4.1.60.Final\netty-handler-proxy-4.1.60.Final.jar;C:\Users\Dimas Rizqi Suryana\.m2\repository\io\netty\netty-transport-native-epoll\4.1.60.Final\netty-transport-native-epoll-4.1.60.Final-linux-x86_64.jar;C:\Users\Dimas Rizqi Suryana\.m2\repository\io\netty\netty-transport-native-kqueue\4.1.60.Final\netty-transport-native-kqueue-4.1.60.Final-osx-x86_64.jar;C:\Users\Dimas Rizqi Suryana\.m2\repository\org\reactivestreams\reactive-streams\1.0.3\reactive-streams-1.0.3.jar;C:\Users\Dimas Rizqi Suryana\.m2\repository\com\typesafe\netty\netty-reactive-streams\2.0.4\netty-reactive-streams-2.0.4.jar;C:\Users\Dimas Rizqi Suryana\.m2\repository\org\seleniumhq\selenium\selenium-manager\4.8.0\selenium-manager-4.8.0.jar;C:\Users\Dimas Rizqi Suryana\.m2\repository\org\seleniumhq\selenium\selenium-safari-driver\4.8.0\selenium-safari-driver-4.8.0.jar;C:\Users\Dimas Rizqi Suryana\.m2\repository\org\seleniumhq\selenium\selenium-api\4.8.0\selenium-api-4.8.0.jar;C:\Users\Dimas Rizqi Suryana\.m2\repository\org\seleniumhq\selenium\selenium-support\4.8.0\selenium-support-4.8.0.jar;C:\Users\Dimas Rizqi Suryana\.m2\repository\com\google\auto\service\auto-service-annotations\1.0.1\auto-service-annotations-1.0.1.jar;C:\Users\Dimas Rizqi Suryana\.m2\repository\com\google\auto\service\auto-service\1.0.1\auto-service-1.0.1.jar;C:\Users\Dimas Rizqi Suryana\.m2\repository\com\google\auto\auto-common\1.2\auto-common-1.2.jar;C:\Users\Dimas Rizqi Suryana\.m2\repository\org\seleniumhq\selenium\selenium-json\4.8.0\selenium-json-4.8.0.jar;C:\Users\Dimas Rizqi Suryana\.m2\repository\org\seleniumhq\selenium\selenium-chrome-driver\4.8.0\selenium-chrome-driver-4.8.0.jar;C:\Users\Dimas Rizqi Suryana\.m2\repository\org\seleniumhq\selenium\selenium-chromium-driver\4.8.0\selenium-chromium-driver-4.8.0.jar;C:\Users\Dimas Rizqi Suryana\.m2\repository\org\seleniumhq\selenium\selenium-firefox-driver\4.8.0\selenium-firefox-driver-4.8.0.jar;C:\Users\Dimas Rizqi Suryana\.m2\repository\org\seleniumhq\selenium\selenium-http\4.8.0\selenium-http-4.8.0.jar;C:\Users\Dimas Rizqi Suryana\.m2\repository\dev\failsafe\failsafe\3.3.0\failsafe-3.3.0.jar;C:\Users\Dimas Rizqi Suryana\.m2\repository\org\seleniumhq\selenium\selenium-edge-driver\4.8.0\selenium-edge-driver-4.8.0.jar;C:\Users\Dimas Rizqi Suryana\.m2\repository\org\seleniumhq\selenium\selenium-ie-driver\4.8.0\selenium-ie-driver-4.8.0.jar;C:\Users\Dimas Rizqi Suryana\.m2\repository\org\projectlombok\lombok\1.18.20\lombok-1.18.20.jar;C:\Users\Dimas Rizqi Suryana\.m2\repository\io\appium\java-client\8.3.0\java-client-8.3.0.jar;C:\Users\Dimas Rizqi Suryana\.m2\repository\commons-validator\commons-validator\1.7\commons-validator-1.7.jar;C:\Users\Dimas Rizqi Suryana\.m2\repository\commons-digester\commons-digester\2.1\commons-digester-2.1.jar;C:\Users\Dimas Rizqi Suryana\.m2\repository\org\apache\groovy\groovy\4.0.6\groovy-4.0.6.jar;C:\Users\Dimas Rizqi Suryana\.m2\repository\net\sf\opencsv\opencsv\2.0\opencsv-2.0.jar;C:\Users\Dimas Rizqi Suryana\.m2\repository\commons-beanutils\commons-beanutils\1.9.4\commons-beanutils-1.9.4.jar;C:\Users\Dimas Rizqi Suryana\.m2\repository\org\apache\commons\commons-lang3\3.12.0\commons-lang3-3.12.0.jar;C:\Users\Dimas Rizqi Suryana\.m2\repository\commons-collections\commons-collections\3.2.2\commons-collections-3.2.2.jar;C:\Users\Dimas Rizqi Suryana\.m2\repository\org\fluentlenium\fluentlenium-core\0.10.2\fluentlenium-core-0.10.2.jar;C:\Users\Dimas Rizqi Suryana\.m2\repository\io\github\bonigarcia\webdrivermanager\5.3.0\webdrivermanager-5.3.0.jar;C:\Users\Dimas Rizqi Suryana\.m2\repository\com\github\docker-java\docker-java\3.2.13\docker-java-3.2.13.jar;C:\Users\Dimas Rizqi Suryana\.m2\repository\com\github\docker-java\docker-java-core\3.2.13\docker-java-core-3.2.13.jar;C:\Users\Dimas Rizqi Suryana\.m2\repository\com\github\docker-java\docker-java-api\3.2.13\docker-java-api-3.2.13.jar;C:\Users\Dimas Rizqi Suryana\.m2\repository\org\apache\commons\commons-compress\1.21\commons-compress-1.21.jar;C:\Users\Dimas Rizqi Suryana\.m2\repository\org\bouncycastle\bcpkix-jdk15on\1.64\bcpkix-jdk15on-1.64.jar;C:\Users\Dimas Rizqi Suryana\.m2\repository\org\bouncycastle\bcprov-jdk15on\1.64\bcprov-jdk15on-1.64.jar;C:\Users\Dimas Rizqi Suryana\.m2\repository\org\slf4j\jcl-over-slf4j\1.7.30\jcl-over-slf4j-1.7.30.jar;C:\Users\Dimas Rizqi Suryana\.m2\repository\com\github\docker-java\docker-java-transport-httpclient5\3.2.13\docker-java-transport-httpclient5-3.2.13.jar;C:\Users\Dimas Rizqi Suryana\.m2\repository\com\github\docker-java\docker-java-transport\3.2.13\docker-java-transport-3.2.13.jar;C:\Users\Dimas Rizqi Suryana\.m2\repository\net\java\dev\jna\jna\5.8.0\jna-5.8.0.jar;C:\Users\Dimas Rizqi Suryana\.m2\repository\org\brotli\dec\0.1.2\dec-0.1.2.jar;C:\Users\Dimas Rizqi Suryana\.m2\repository\org\apache\httpcomponents\client5\httpclient5\5.1.3\httpclient5-5.1.3.jar;C:\Users\Dimas Rizqi Suryana\.m2\repository\org\apache\httpcomponents\core5\httpcore5\5.1.3\httpcore5-5.1.3.jar;C:\Users\Dimas Rizqi Suryana\.m2\repository\org\apache\httpcomponents\core5\httpcore5-h2\5.1.3\httpcore5-h2-5.1.3.jar;C:\Users\Dimas Rizqi Suryana\.m2\repository\com\jhlabs\filters\2.0.235\filters-2.0.235.jar;C:\Users\Dimas Rizqi Suryana\.m2\repository\com\paulhammant\ngwebdriver\1.1.6\ngwebdriver-1.1.6.jar;C:\Users\Dimas Rizqi Suryana\.m2\repository\joda-time\joda-time\2.8.2\joda-time-2.8.2.jar;C:\Users\Dimas Rizqi Suryana\.m2\repository\org\hamcrest\hamcrest\2.2\hamcrest-2.2.jar;C:\Users\Dimas Rizqi Suryana\.m2\repository\com\google\jimfs\jimfs\1.2\jimfs-1.2.jar;C:\Users\Dimas Rizqi Suryana\.m2\repository\org\mockito\mockito-core\3.3.3\mockito-core-3.3.3.jar;C:\Users\Dimas Rizqi Suryana\.m2\repository\javax\xml\bind\jaxb-api\2.3.1\jaxb-api-2.3.1.jar;C:\Users\Dimas Rizqi Suryana\.m2\repository\javax\activation\javax.activation-api\1.2.0\javax.activation-api-1.2.0.jar;C:\Users\Dimas Rizqi Suryana\.m2\repository\com\sun\xml\bind\jaxb-core\2.3.0.1\jaxb-core-2.3.0.1.jar;C:\Users\Dimas Rizqi Suryana\.m2\repository\com\sun\xml\bind\jaxb-impl\2.3.3\jaxb-impl-2.3.3.jar;C:\Users\Dimas Rizqi Suryana\.m2\repository\jakarta\xml\bind\jakarta.xml.bind-api\2.3.3\jakarta.xml.bind-api-2.3.3.jar;C:\Users\Dimas Rizqi Suryana\.m2\repository\com\sun\activation\jakarta.activation\1.2.2\jakarta.activation-1.2.2.jar;C:\Users\Dimas Rizqi Suryana\.m2\repository\javax\activation\activation\1.1.1\activation-1.1.1.jar;C:\Users\Dimas Rizqi Suryana\.m2\repository\net\serenity-bdd\serenity-rest-assured\3.6.12\serenity-rest-assured-3.6.12.jar;C:\Users\Dimas Rizqi Suryana\.m2\repository\io\rest-assured\rest-assured\5.2.0\rest-assured-5.2.0.jar;C:\Users\Dimas Rizqi Suryana\.m2\repository\org\apache\httpcomponents\httpmime\4.5.13\httpmime-4.5.13.jar;C:\Users\Dimas Rizqi Suryana\.m2\repository\org\ccil\cowan\tagsoup\tagsoup\1.2.1\tagsoup-1.2.1.jar;C:\Users\Dimas Rizqi Suryana\.m2\repository\io\rest-assured\json-path\5.2.0\json-path-5.2.0.jar;C:\Users\Dimas Rizqi Suryana\.m2\repository\io\rest-assured\rest-assured-common\5.2.0\rest-assured-common-5.2.0.jar;C:\Users\Dimas Rizqi Suryana\.m2\repository\io\rest-assured\xml-path\5.2.0\xml-path-5.2.0.jar;C:\Users\Dimas Rizqi Suryana\.m2\repository\org\apache\groovy\groovy-json\4.0.6\groovy-json-4.0.6.jar;C:\Users\Dimas Rizqi Suryana\.m2\repository\org\apache\groovy\groovy-xml\4.0.6\groovy-xml-4.0.6.jar;C:\Users\Dimas Rizqi Suryana\.m2\repository\org\opentest4j\opentest4j\1.2.0\opentest4j-1.2.0.jar;C:\Users\Dimas Rizqi Suryana\.m2\repository\net\serenity-bdd\serenity-cucumber\3.6.12\serenity-cucumber-3.6.12.jar;C:\Users\Dimas Rizqi Suryana\.m2\repository\io\cucumber\cucumber-core\7.11.0\cucumber-core-7.11.0.jar;C:\Users\Dimas Rizqi Suryana\.m2\repository\io\cucumber\cucumber-gherkin\7.11.0\cucumber-gherkin-7.11.0.jar;C:\Users\Dimas Rizqi Suryana\.m2\repository\io\cucumber\cucumber-gherkin-messages\7.11.0\cucumber-gherkin-messages-7.11.0.jar;C:\Users\Dimas Rizqi Suryana\.m2\repository\io\cucumber\gherkin\26.0.3\gherkin-26.0.3.jar;C:\Users\Dimas Rizqi Suryana\.m2\repository\io\cucumber\messages\21.0.1\messages-21.0.1.jar;C:\Users\Dimas Rizqi Suryana\.m2\repository\io\cucumber\tag-expressions\5.0.1\tag-expressions-5.0.1.jar;C:\Users\Dimas Rizqi Suryana\.m2\repository\io\cucumber\cucumber-expressions\16.1.1\cucumber-expressions-16.1.1.jar;C:\Users\Dimas Rizqi Suryana\.m2\repository\io\cucumber\datatable\7.11.0\datatable-7.11.0.jar;C:\Users\Dimas Rizqi Suryana\.m2\repository\io\cucumber\cucumber-plugin\7.11.0\cucumber-plugin-7.11.0.jar;C:\Users\Dimas Rizqi Suryana\.m2\repository\io\cucumber\docstring\7.11.0\docstring-7.11.0.jar;C:\Users\Dimas Rizqi Suryana\.m2\repository\io\cucumber\html-formatter\20.2.1\html-formatter-20.2.1.jar;C:\Users\Dimas Rizqi Suryana\.m2\repository\io\cucumber\junit-xml-formatter\0.1.0\junit-xml-formatter-0.1.0.jar;C:\Users\Dimas Rizqi Suryana\.m2\repository\io\cucumber\ci-environment\9.1.0\ci-environment-9.1.0.jar;C:\Users\Dimas Rizqi Suryana\.m2\repository\io\cucumber\cucumber-java\7.11.0\cucumber-java-7.11.0.jar;C:\Users\Dimas Rizqi Suryana\.m2\repository\io\cucumber\cucumber-junit\7.11.0\cucumber-junit-7.11.0.jar;C:\Users\Dimas Rizqi Suryana\.m2\repository\org\apache\commons\commons-csv\1.5\commons-csv-1.5.jar;C:\Users\Dimas Rizqi Suryana\.m2\repository\net\serenity-bdd\serenity-screenplay\3.6.12\serenity-screenplay-3.6.12.jar;C:\Users\Dimas Rizqi Suryana\.m2\repository\net\serenity-bdd\serenity-screenplay-webdriver\3.6.12\serenity-screenplay-webdriver-3.6.12.jar;C:\Users\Dimas Rizqi Suryana\.m2\repository\net\serenity-bdd\serenity-ensure\3.6.12\serenity-ensure-3.6.12.jar;C:\Users\Dimas Rizqi Suryana\.m2\repository\net\serenity-bdd\serenity-junit\3.6.12\serenity-junit-3.6.12.jar;C:\Users\Dimas Rizqi Suryana\.m2\repository\org\jetbrains\kotlin\kotlin-stdlib\1.7.21\kotlin-stdlib-1.7.21.jar;C:\Users\Dimas Rizqi Suryana\.m2\repository\org\jetbrains\kotlin\kotlin-stdlib-common\1.7.21\kotlin-stdlib-common-1.7.21.jar;C:\Users\Dimas Rizqi Suryana\.m2\repository\org\jetbrains\annotations\13.0\annotations-13.0.jar;C:\Users\Dimas Rizqi Suryana\.m2\repository\org\junit\platform\junit-platform-launcher\1.9.2\junit-platform-launcher-1.9.2.jar;C:\Users\Dimas Rizqi Suryana\.m2\repository\org\junit\platform\junit-platform-engine\1.9.2\junit-platform-engine-1.9.2.jar;C:\Users\Dimas Rizqi Suryana\.m2\repository\org\junit\platform\junit-platform-commons\1.9.2\junit-platform-commons-1.9.2.jar;C:\Users\Dimas Rizqi Suryana\.m2\repository\org\apiguardian\apiguardian-api\1.1.2\apiguardian-api-1.1.2.jar;C:\Users\Dimas Rizqi Suryana\.m2\repository\org\junit\jupiter\junit-jupiter-engine\5.9.2\junit-jupiter-engine-5.9.2.jar;C:\Users\Dimas Rizqi Suryana\.m2\repository\org\junit\jupiter\junit-jupiter-api\5.9.2\junit-jupiter-api-5.9.2.jar;C:\Users\Dimas Rizqi Suryana\.m2\repository\org\junit\vintage\junit-vintage-engine\5.9.2\junit-vintage-engine-5.9.2.jar;C:\Users\Dimas Rizqi Suryana\.m2\repository\junit\junit\4.13.2\junit-4.13.2.jar;C:\Users\Dimas Rizqi Suryana\.m2\repository\org\hamcrest\hamcrest-core\1.3\hamcrest-core-1.3.jar;C:\Users\Dimas Rizqi Suryana\.m2\repository\ch\qos\logback\logback-classic\1.4.6\logback-classic-1.4.6.jar;C:\Users\Dimas Rizqi Suryana\.m2\repository\ch\qos\logback\logback-core\1.4.6\logback-core-1.4.6.jar;C:\Users\Dimas Rizqi Suryana\.m2\repository\org\slf4j\slf4j-api\2.0.4\slf4j-api-2.0.4.jar;C:\Users\Dimas Rizqi Suryana\.m2\repository\org\assertj\assertj-core\3.24.2\assertj-core-3.24.2.jar;C:\Users\Dimas Rizqi Suryana\.m2\repository\net\bytebuddy\byte-buddy\1.12.21\byte-buddy-1.12.21.jar;C:\Users\Dimas Rizqi Suryana\.m2\repository\com\googlecode\json-simple\json-simple\1.1.1\json-simple-1.1.1.jar;C:\Users\Dimas Rizqi Suryana\.m2\repository\org\apache\maven\surefire\surefire-junit-platform\3.0.0-M5\surefire-junit-platform-3.0.0-M5.jar;C:\Users\Dimas Rizqi Suryana\.m2\repository\org\apache\maven\surefire\common-java5\3.0.0-M5\common-java5-3.0.0-M5.jar"/>
    <property name="user.script" value=""/>
    <property name="sun.management.compiler" value="HotSpot 64-Bit Tiered Compilers"/>
    <property name="java.runtime.version" value="18.0.2.1+1-1"/>
    <property name="user.name" value="Dimas Rizqi Suryana"/>
    <property name="path.separator" value=";"/>
    <property name="os.version" value="10.0"/>
    <property name="java.runtime.name" value="Java(TM) SE Runtime Environment"/>
    <property name="file.encoding" value="UTF-8"/>
    <property name="webdriver.base.url" value=""/>
    <property name="java.vm.name" value="Java HotSpot(TM) 64-Bit Server VM"/>
    <property name="localRepository" value="C:\Users\Dimas Rizqi Suryana\.m2\repository"/>
    <property name="java.vendor.url.bug" value="https://bugreport.java.com/bugreport/"/>
    <property name="java.io.tmpdir" value="C:\Users\DIMASR~1\AppData\Local\Temp\"/>
    <property name="java.version" value="18.0.2.1"/>
    <property name="user.dir" value="C:\Users\Dimas Rizqi Suryana\REST_Asured"/>
    <property name="os.arch" value="amd64"/>
    <property name="java.vm.specification.name" value="Java Virtual Machine Specification"/>
    <property name="sun.os.patch.level" value=""/>
    <property name="native.encoding" value="Cp1252"/>
    <property name="java.library.path" value="C:\Program Files\Java\jdk-18.0.2.1\bin;C:\WINDOWS\Sun\Java\bin;C:\WINDOWS\system32;C:\WINDOWS;C:\Program Files\Common Files\Oracle\Java\javapath;C:\Program Files\Eclipse Adoptium\jdk-11.0.17.8-hotspot\bin;C:\Windows\system32;C:\Windows;C:\Windows\System32\Wbem;C:\Windows\System32\WindowsPowerShell\v1.0\;C:\Windows\System32\OpenSSH\;C:\Program Files (x86)\NVIDIA Corporation\PhysX\Common;C:\Program Files\NVIDIA Corporation\NVIDIA NvDLISR;C:\Program Files\IBM\SPSS\Statistics\25\JRE\bin;C:\Program Files (x86)\IBM\SPSS\Statistics\22\JRE\bin;C:\WINDOWS\system32;C:\WINDOWS;C:\WINDOWS\System32\Wbem;C:\WINDOWS\System32\WindowsPowerShell\v1.0\;C:\WINDOWS\System32\OpenSSH\;C:\Program Files\Java\jdk-18.0.2.1\bin;C:\Users\Dimas Rizqi Suryana\Downloads\apache-maven-3.9.1-bin\apache-maven-3.9.1\bin;C:\Program Files\nodejs\;C:\Users\Dimas Rizqi Suryana\AppData\Local\Android\Sdk\tools\bin;C:\Users\Dimas Rizqi Suryana\AppData\Local\Android\Sdk\tools;C:\Users\Dimas Rizqi Suryana\AppData\Local\Android\Sdk\platform-tools;C:\Users\Dimas Rizqi Suryana\AppData\Local\Microsoft\WindowsApps;C:\Users\Dimas Rizqi Suryana\AppData\Local\Programs\Microsoft VS Code\bin;C:\Users\Dimas Rizqi Suryana\AppData\Local\GitHubDesktop\bin;C:\Users\Dimas Rizqi Suryana\AppData\Local\Microsoft\WindowsApps;;C:\Program Files\JetBrains\IntelliJ IDEA Community Edition 2022.3.2\bin;;C:\Users\Dimas Rizqi Suryana\AppData\Roaming\npm;."/>
    <property name="java.vm.info" value="mixed mode"/>
    <property name="java.vendor" value="Oracle Corporation"/>
    <property name="java.vm.version" value="18.0.2.1+1-1"/>
    <property name="sun.io.unicode.encoding" value="UnicodeLittle"/>
    <property name="java.class.version" value="62.0"/>
  </properties>
  <testcase name="GET - As admin I have be able to get detail user" classname="User" time="5.501">
    <system-out><![CDATA[20:29:35.399 [main] DEBUG net.thucydides.core.guice.Injectors -- Created injector for module net.thucydides.core.guice.ThucydidesModule
20:29:35.673 [main] INFO io.cucumber.core.plugin.SerenityReporter -- Running feature from file:///C:/Users/Dimas%20Rizqi%20Suryana/REST_Asured/src/test/resources/features/User.feature
20:29:35.790 [main] DEBUG net.thucydides.core.guice.Injectors -- Created injector for module net.thucydides.core.guice.webdriver.WebDriverModule
20:29:35.802 [main] INFO  -- 

-------------------------------------------------------------------------------------
     _______. _______ .______       _______ .__   __.  __  .___________.____    ____ 
    /       ||   ____||   _  \     |   ____||  \ |  | |  | |           |\   \  /   / 
   |   (----`|  |__   |  |_)  |    |  |__   |   \|  | |  | `---|  |----` \   \/   /  
    \   \    |   __|  |      /     |   __|  |  . `  | |  |     |  |       \_    _/   
.----)   |   |  |____ |  |\  \----.|  |____ |  |\   | |  |     |  |         |  |     
|_______/    |_______|| _| `._____||_______||__| \__| |__|     |__|         |__|    
                                                                                     
 News and tutorials at http://www.serenity-bdd.info                                  
 Documentation at https://wakaleo.gitbooks.io/the-serenity-book/content/             
 Join the Serenity Community on Gitter: https://gitter.im/serenity-bdd/serenity-core 
 Serenity BDD Support and Training at http://serenity-bdd.info/#/trainingandsupport  
-------------------------------------------------------------------------------------

20:29:35.804 [main] DEBUG net.thucydides.core.steps.StepEventBus -- Test suite started for story net.thucydides.core.model.Story@4eea5d88
20:29:35.806 [main] INFO  -- Test Suite Started: User
20:29:35.838 [main] INFO io.cucumber.core.plugin.SerenityReporter -- Running feature from file:///C:/Users/Dimas%20Rizqi%20Suryana/REST_Asured/src/test/resources/features/User.feature
20:29:35.840 [main] DEBUG net.thucydides.core.steps.StepEventBus -- Test suite started for story net.thucydides.core.model.Story@4eea5d88
20:29:35.841 [main] INFO  -- Test Suite Started: User

Scenario: GET - As admin I have be able to get detail user &amp#27;[90m# src/test/resources/features/User.feature:6&amp#27;[0m
20:29:35.954 [main] INFO io.cucumber.core.plugin.SerenityReporter -- Running feature from file:///C:/Users/Dimas%20Rizqi%20Suryana/REST_Asured/src/test/resources/features/User.feature
20:29:36.134 [main] INFO  -- 
  _____   ___   ___   _____     ___   _____     _     ___   _____   ___   ___  
 |_   _| | __| / __| |_   _|   / __| |_   _|   /_\   | _ \ |_   _| | __| |   \ 
   | |   | _|  \__ \   | |     \__ \   | |    / _ \  |   /   | |   | _|  | |) |
   |_|   |___| |___/   |_|     |___/   |_|   /_/ \_\ |_|_\   |_|   |___| |___/ 

GET - As admin I have be able to get detail user(user;get---as-admin-i-have-be-able-to-get-detail-user)
--------------------------------------------------------------------------------
20:29:36.668 [main] DEBUG net.thucydides.core.steps.StepInterceptor -- STARTING STEP: UserSteps.setGetApiEndpoints - I set GET endpoints
20:29:36.670 [main] DEBUG net.thucydides.core.steps.StepInterceptor -- STEP DONE: I set GET endpoints
  &amp#27;[32mGiven &amp#27;[0m&amp#27;[32mI set GET api endpoints&amp#27;[0m                            &amp#27;[90m# starter.stepfeiniton.UserSteps.setGetApiEndpoints()&amp#27;[0m
20:29:36.685 [main] DEBUG net.thucydides.core.steps.StepInterceptor -- STARTING STEP: UserSteps.sendGetHttpRequest - I send GET HTTP request
20:29:38.053 [main] DEBUG net.thucydides.core.steps.StepInterceptor -- STARTING STEP: Get.getHTTPrequest - I set GET endpoints
20:29:38.053 [main] DEBUG net.thucydides.core.steps.StepInterceptor -- STEP DONE: I set GET endpoints
20:29:38.738 [main] DEBUG org.apache.http.impl.conn.BasicClientConnectionManager -- Get connection for route {s}->https://jsonplaceholder.typicode.com:443
20:29:38.802 [main] DEBUG org.apache.http.impl.conn.DefaultClientConnectionOperator -- Connecting to jsonplaceholder.typicode.com:443
20:29:40.779 [main] DEBUG org.apache.http.client.protocol.RequestAddCookies -- CookieSpec selected: ignoreCookies
20:29:40.780 [main] DEBUG org.apache.http.client.protocol.RequestAuthCache -- Auth cache not set in the context
20:29:40.780 [main] DEBUG org.apache.http.client.protocol.RequestTargetAuthentication -- Target auth state: UNCHALLENGED
20:29:40.780 [main] DEBUG org.apache.http.client.protocol.RequestProxyAuthentication -- Proxy auth state: UNCHALLENGED
20:29:40.780 [main] DEBUG org.apache.http.impl.client.DefaultHttpClient -- Attempt 1 to execute request
20:29:40.781 [main] DEBUG org.apache.http.impl.conn.DefaultClientConnection -- Sending request: GET /posts/1 HTTP/1.1
20:29:40.781 [main] DEBUG org.apache.http.wire --  >> "GET /posts/1 HTTP/1.1[\r][\n]"
20:29:40.782 [main] DEBUG org.apache.http.wire --  >> "Accept: */*[\r][\n]"
20:29:40.782 [main] DEBUG org.apache.http.wire --  >> "Host: jsonplaceholder.typicode.com[\r][\n]"
20:29:40.782 [main] DEBUG org.apache.http.wire --  >> "Connection: Keep-Alive[\r][\n]"
20:29:40.782 [main] DEBUG org.apache.http.wire --  >> "User-Agent: Apache-HttpClient/4.5.13 (Java/18.0.2.1)[\r][\n]"
20:29:40.782 [main] DEBUG org.apache.http.wire --  >> "Accept-Encoding: gzip,deflate[\r][\n]"
20:29:40.782 [main] DEBUG org.apache.http.wire --  >> "[\r][\n]"
20:29:40.782 [main] DEBUG org.apache.http.headers -- >> GET /posts/1 HTTP/1.1
20:29:40.782 [main] DEBUG org.apache.http.headers -- >> Accept: */*
20:29:40.782 [main] DEBUG org.apache.http.headers -- >> Host: jsonplaceholder.typicode.com
20:29:40.782 [main] DEBUG org.apache.http.headers -- >> Connection: Keep-Alive
20:29:40.782 [main] DEBUG org.apache.http.headers -- >> User-Agent: Apache-HttpClient/4.5.13 (Java/18.0.2.1)
20:29:40.782 [main] DEBUG org.apache.http.headers -- >> Accept-Encoding: gzip,deflate
20:29:40.808 [main] DEBUG org.apache.http.wire --  << "HTTP/1.1 200 OK[\r][\n]"
20:29:40.809 [main] DEBUG org.apache.http.wire --  << "Date: Fri, 09 Jun 2023 13:29:41 GMT[\r][\n]"
20:29:40.809 [main] DEBUG org.apache.http.wire --  << "Content-Type: application/json; charset=utf-8[\r][\n]"
20:29:40.809 [main] DEBUG org.apache.http.wire --  << "Transfer-Encoding: chunked[\r][\n]"
20:29:40.809 [main] DEBUG org.apache.http.wire --  << "Connection: keep-alive[\r][\n]"
20:29:40.809 [main] DEBUG org.apache.http.wire --  << "X-Powered-By: Express[\r][\n]"
20:29:40.809 [main] DEBUG org.apache.http.wire --  << "X-Ratelimit-Limit: 1000[\r][\n]"
20:29:40.809 [main] DEBUG org.apache.http.wire --  << "X-Ratelimit-Remaining: 999[\r][\n]"
20:29:40.809 [main] DEBUG org.apache.http.wire --  << "X-Ratelimit-Reset: 1684276394[\r][\n]"
20:29:40.809 [main] DEBUG org.apache.http.wire --  << "Vary: Origin, Accept-Encoding[\r][\n]"
20:29:40.809 [main] DEBUG org.apache.http.wire --  << "Access-Control-Allow-Credentials: true[\r][\n]"
20:29:40.809 [main] DEBUG org.apache.http.wire --  << "Cache-Control: max-age=43200[\r][\n]"
20:29:40.809 [main] DEBUG org.apache.http.wire --  << "Pragma: no-cache[\r][\n]"
20:29:40.809 [main] DEBUG org.apache.http.wire --  << "Expires: -1[\r][\n]"
20:29:40.809 [main] DEBUG org.apache.http.wire --  << "X-Content-Type-Options: nosniff[\r][\n]"
20:29:40.809 [main] DEBUG org.apache.http.wire --  << "Etag: W/"124-yiKdLzqO5gfBrJFrcdJ8Yq0LGnU"[\r][\n]"
20:29:40.809 [main] DEBUG org.apache.http.wire --  << "Via: 1.1 vegur[\r][\n]"
20:29:40.809 [main] DEBUG org.apache.http.wire --  << "CF-Cache-Status: HIT[\r][\n]"
20:29:40.810 [main] DEBUG org.apache.http.wire --  << "Age: 9228[\r][\n]"
20:29:40.810 [main] DEBUG org.apache.http.wire --  << "Report-To: {"endpoints":[{"url":"https:\/\/a.nel.cloudflare.com\/report\/v3?s=KHK78V2NYKISs%2BCMtZGA%2B29jmSDLjPeBheGkTQjGYk2VXJOoEysHrs5GYGvx5ExM7%2FcqTPgfODlucMV9nkZ8KQqaTjhYFOEtYvTU3xP2QE3TYt5oXLoLSEmKamyMdZPXwkOkvnl40rkt0B%2BuHUQ%3D"}],"group":"cf-nel","max_age":604800}[\r][\n]"
20:29:40.810 [main] DEBUG org.apache.http.wire --  << "NEL: {"success_fraction":0,"report_to":"cf-nel","max_age":604800}[\r][\n]"
20:29:40.810 [main] DEBUG org.apache.http.wire --  << "Server: cloudflare[\r][\n]"
20:29:40.810 [main] DEBUG org.apache.http.wire --  << "CF-RAY: 7d49b991cdd63d8d-SIN[\r][\n]"
20:29:40.810 [main] DEBUG org.apache.http.wire --  << "Content-Encoding: gzip[\r][\n]"
20:29:40.810 [main] DEBUG org.apache.http.wire --  << "[\r][\n]"
20:29:40.810 [main] DEBUG org.apache.http.impl.conn.DefaultClientConnection -- Receiving response: HTTP/1.1 200 OK
20:29:40.810 [main] DEBUG org.apache.http.headers -- << HTTP/1.1 200 OK
20:29:40.810 [main] DEBUG org.apache.http.headers -- << Date: Fri, 09 Jun 2023 13:29:41 GMT
20:29:40.810 [main] DEBUG org.apache.http.headers -- << Content-Type: application/json; charset=utf-8
20:29:40.810 [main] DEBUG org.apache.http.headers -- << Transfer-Encoding: chunked
20:29:40.810 [main] DEBUG org.apache.http.headers -- << Connection: keep-alive
20:29:40.810 [main] DEBUG org.apache.http.headers -- << X-Powered-By: Express
20:29:40.811 [main] DEBUG org.apache.http.headers -- << X-Ratelimit-Limit: 1000
20:29:40.811 [main] DEBUG org.apache.http.headers -- << X-Ratelimit-Remaining: 999
20:29:40.811 [main] DEBUG org.apache.http.headers -- << X-Ratelimit-Reset: 1684276394
20:29:40.811 [main] DEBUG org.apache.http.headers -- << Vary: Origin, Accept-Encoding
20:29:40.811 [main] DEBUG org.apache.http.headers -- << Access-Control-Allow-Credentials: true
20:29:40.811 [main] DEBUG org.apache.http.headers -- << Cache-Control: max-age=43200
20:29:40.811 [main] DEBUG org.apache.http.headers -- << Pragma: no-cache
20:29:40.811 [main] DEBUG org.apache.http.headers -- << Expires: -1
20:29:40.811 [main] DEBUG org.apache.http.headers -- << X-Content-Type-Options: nosniff
20:29:40.811 [main] DEBUG org.apache.http.headers -- << Etag: W/"124-yiKdLzqO5gfBrJFrcdJ8Yq0LGnU"
20:29:40.811 [main] DEBUG org.apache.http.headers -- << Via: 1.1 vegur
20:29:40.811 [main] DEBUG org.apache.http.headers -- << CF-Cache-Status: HIT
20:29:40.811 [main] DEBUG org.apache.http.headers -- << Age: 9228
20:29:40.811 [main] DEBUG org.apache.http.headers -- << Report-To: {"endpoints":[{"url":"https:\/\/a.nel.cloudflare.com\/report\/v3?s=KHK78V2NYKISs%2BCMtZGA%2B29jmSDLjPeBheGkTQjGYk2VXJOoEysHrs5GYGvx5ExM7%2FcqTPgfODlucMV9nkZ8KQqaTjhYFOEtYvTU3xP2QE3TYt5oXLoLSEmKamyMdZPXwkOkvnl40rkt0B%2BuHUQ%3D"}],"group":"cf-nel","max_age":604800}
20:29:40.811 [main] DEBUG org.apache.http.headers -- << NEL: {"success_fraction":0,"report_to":"cf-nel","max_age":604800}
20:29:40.811 [main] DEBUG org.apache.http.headers -- << Server: cloudflare
20:29:40.811 [main] DEBUG org.apache.http.headers -- << CF-RAY: 7d49b991cdd63d8d-SIN
20:29:40.811 [main] DEBUG org.apache.http.headers -- << Content-Encoding: gzip
20:29:40.816 [main] DEBUG org.apache.http.impl.client.DefaultHttpClient -- Connection can be kept alive indefinitely
20:29:40.822 [main] DEBUG io.restassured.internal.RestAssuredHttpBuilder -- Parsing response as: application/json; charset=utf-8
20:29:40.823 [main] DEBUG org.apache.http.wire --  << "ca[\r][\n]"
20:29:40.823 [main] DEBUG org.apache.http.wire --  << "[0x1f][0x8b][0x8][0x0][0x0][0x0][0x0][0x0][0x0][0x3]U[0x8f]Kj[0x4]A[0xc]C[0xf7]s[\n]"
20:29:40.823 [main] DEBUG org.apache.http.wire --  << "Q[0xeb]l[0xb2][0x9d][0x1b][0xe4][0xe][0xbd]q\[\n]"
20:29:40.823 [main] DEBUG org.apache.http.wire --  << "c[0xe8][0xfa][0x8c][0xcb][0x1e]&[0x84][0xdc]=tC[0x8][0x1]#$[0x90][0x1f][0xe8][0xeb][0x2][0x94]\[0xf4][0xb7]Z[0xae]x}9[0xa2][0xfd][0xd9][0xb0][0xd8]Y[0xae](+{@2[0xf0]!J'[0x9c][0x93][0xfb].[0x81][0xe9][0xe3]a[0x95]=0T[0x85]*a[0xe0]S9#[0xdd]0f[0xd8]8[0xca][0xce][0x1b]{[0xa5][[0x94][0x13][0xfc]>[0xea][0xe7][0xc1][0xbd][0xa7][0x9][0x18]X[0xb9][0xd4][0xa6][0xc5][0xd6][0x1d][0x9c][0x9a]Kz[0x15]BG_[0xbc]g[0xf6]H[0x7][0x9f][0x93][0xd5][0xe2]|[0xd3]l[[0xff][0x87]G[0x1b];W[0x98][0x10][0x19][0xc7][0xdd]S[0x16]b[0x84][0xb4][0xad][0xf7][0xb1][0xc2][0xb3][0xc1]y([0xd7]9[0x89][\r][0xe7]:g[0x3][0x1f][0xec][0xc6][0x80][0xb8][0xde],[0xa8]1[0xca][0xe5][0xfb][0x7][0x15][0xc6][0x93][0xe8]$[0x1][0x0][0x0]"
20:29:40.823 [main] DEBUG org.apache.http.wire --  << "[\r][\n]"
20:29:40.823 [main] DEBUG org.apache.http.wire --  << "0[\r][\n]"
20:29:40.823 [main] DEBUG org.apache.http.wire --  << "[\r][\n]"
20:29:40.823 [main] DEBUG io.restassured.internal.RestAssuredHttpBuilder -- Parsed data to instance of: class org.apache.http.conn.EofSensorInputStream
20:29:40.860 [main] DEBUG org.apache.http.impl.conn.BasicClientConnectionManager -- Releasing connection org.apache.http.impl.conn.ManagedClientConnectionImpl@2de7c84a
20:29:40.860 [main] DEBUG org.apache.http.impl.conn.BasicClientConnectionManager -- Connection can be kept alive indefinitely
20:29:40.877 [main] DEBUG net.thucydides.core.steps.StepInterceptor -- STEP DONE: I send GET HTTP request
  &amp#27;[32mWhen &amp#27;[0m&amp#27;[32mI send GET HTTP request&amp#27;[0m                             &amp#27;[90m# starter.stepfeiniton.UserSteps.sendGetHttpRequest()&amp#27;[0m
20:29:40.881 [main] DEBUG net.thucydides.core.steps.StepInterceptor -- STARTING STEP: UserSteps.reciveValidHttpResponse - I receive valid HTTP response code 200
20:29:40.899 [main] DEBUG net.thucydides.core.steps.StepInterceptor -- STEP DONE: I receive valid HTTP response code 200
  &amp#27;[32mThen &amp#27;[0m&amp#27;[32mI recive valid HTTP response code 200&amp#27;[0m               &amp#27;[90m# starter.stepfeiniton.UserSteps.reciveValidHttpResponse()&amp#27;[0m
20:29:40.901 [main] DEBUG net.thucydides.core.steps.StepInterceptor -- STARTING STEP: UserSteps.reciveValidDataForDetailUser - I receive valid data for detail user
20:29:41.336 [main] DEBUG net.thucydides.core.steps.StepInterceptor -- STEP DONE: I receive valid data for detail user
  &amp#27;[32mAnd &amp#27;[0m&amp#27;[32mI recive valid data for detail user&amp#27;[0m                  &amp#27;[90m# starter.stepfeiniton.UserSteps.reciveValidDataForDetailUser()&amp#27;[0m
20:29:41.339 [main] INFO  -- 
  _____   ___   ___   _____     ___     _     ___   ___   ___   ___  
 |_   _| | __| / __| |_   _|   | _ \   /_\   / __| / __| | __| |   \ 
   | |   | _|  \__ \   | |     |  _/  / _ \  \__ \ \__ \ | _|  | |) |
   |_|   |___| |___/   |_|     |_|   /_/ \_\ |___/ |___/ |___| |___/ 

GET - As admin I have be able to get detail user
----------------------------------------------------------------------
]]></system-out>
  </testcase>
  <testcase name="POST As admin I have be able to create new user" classname="User" time="0.746">
    <system-out><![CDATA[
Scenario: POST As admin I have be able to create new user &amp#27;[90m# src/test/resources/features/User.feature:12&amp#27;[0m
20:29:41.349 [main] INFO io.cucumber.core.plugin.SerenityReporter -- Running feature from file:///C:/Users/Dimas%20Rizqi%20Suryana/REST_Asured/src/test/resources/features/User.feature
20:29:41.351 [main] INFO  -- 
  _____   ___   ___   _____     ___   _____     _     ___   _____   ___   ___  
 |_   _| | __| / __| |_   _|   / __| |_   _|   /_\   | _ \ |_   _| | __| |   \ 
   | |   | _|  \__ \   | |     \__ \   | |    / _ \  |   /   | |   | _|  | |) |
   |_|   |___| |___/   |_|     |___/   |_|   /_/ \_\ |_|_\   |_|   |___| |___/ 

POST As admin I have be able to create new user(user;post-as-admin-i-have-be-able-to-create-new-user)
--------------------------------------------------------------------------------
20:29:41.362 [main] DEBUG net.thucydides.core.steps.StepInterceptor -- STARTING STEP: UserSteps.setPostApiEndpoints - I set POST endpoints
20:29:41.362 [main] DEBUG net.thucydides.core.steps.StepInterceptor -- STEP DONE: I set POST endpoints
  &amp#27;[32mGiven &amp#27;[0m&amp#27;[32mI set POST api endpoints&amp#27;[0m                          &amp#27;[90m# starter.stepfeiniton.UserSteps.setPostApiEndpoints()&amp#27;[0m
20:29:41.367 [main] DEBUG net.thucydides.core.steps.StepInterceptor -- STARTING STEP: UserSteps.sendPostHttpRequest - I send POST HTTP request
20:29:41.373 [main] DEBUG net.thucydides.core.steps.StepInterceptor -- STARTING STEP: Post.sendPostHTTPRequest - I set POST endpoints
20:29:41.373 [main] DEBUG net.thucydides.core.steps.StepInterceptor -- STEP DONE: I set POST endpoints
20:29:41.403 [main] DEBUG org.apache.http.impl.conn.BasicClientConnectionManager -- Get connection for route {s}->https://jsonplaceholder.typicode.com:443
20:29:41.403 [main] DEBUG org.apache.http.impl.conn.DefaultClientConnectionOperator -- Connecting to jsonplaceholder.typicode.com:443
20:29:41.455 [main] DEBUG org.apache.http.client.protocol.RequestAddCookies -- CookieSpec selected: ignoreCookies
20:29:41.456 [main] DEBUG org.apache.http.client.protocol.RequestAuthCache -- Auth cache not set in the context
20:29:41.456 [main] DEBUG org.apache.http.client.protocol.RequestTargetAuthentication -- Target auth state: UNCHALLENGED
20:29:41.456 [main] DEBUG org.apache.http.client.protocol.RequestProxyAuthentication -- Proxy auth state: UNCHALLENGED
20:29:41.456 [main] DEBUG org.apache.http.impl.client.DefaultHttpClient -- Attempt 1 to execute request
20:29:41.456 [main] DEBUG org.apache.http.impl.conn.DefaultClientConnection -- Sending request: POST /posts HTTP/1.1
20:29:41.456 [main] DEBUG org.apache.http.wire --  >> "POST /posts HTTP/1.1[\r][\n]"
20:29:41.456 [main] DEBUG org.apache.http.wire --  >> "Accept: */*[\r][\n]"
20:29:41.456 [main] DEBUG org.apache.http.wire --  >> "Content-Type: application/json[\r][\n]"
20:29:41.456 [main] DEBUG org.apache.http.wire --  >> "Content-Length: 62[\r][\n]"
20:29:41.456 [main] DEBUG org.apache.http.wire --  >> "Host: jsonplaceholder.typicode.com[\r][\n]"
20:29:41.456 [main] DEBUG org.apache.http.wire --  >> "Connection: Keep-Alive[\r][\n]"
20:29:41.456 [main] DEBUG org.apache.http.wire --  >> "User-Agent: Apache-HttpClient/4.5.13 (Java/18.0.2.1)[\r][\n]"
20:29:41.456 [main] DEBUG org.apache.http.wire --  >> "Accept-Encoding: gzip,deflate[\r][\n]"
20:29:41.456 [main] DEBUG org.apache.http.wire --  >> "[\r][\n]"
20:29:41.456 [main] DEBUG org.apache.http.headers -- >> POST /posts HTTP/1.1
20:29:41.456 [main] DEBUG org.apache.http.headers -- >> Accept: */*
20:29:41.456 [main] DEBUG org.apache.http.headers -- >> Content-Type: application/json
20:29:41.456 [main] DEBUG org.apache.http.headers -- >> Content-Length: 62
20:29:41.456 [main] DEBUG org.apache.http.headers -- >> Host: jsonplaceholder.typicode.com
20:29:41.456 [main] DEBUG org.apache.http.headers -- >> Connection: Keep-Alive
20:29:41.456 [main] DEBUG org.apache.http.headers -- >> User-Agent: Apache-HttpClient/4.5.13 (Java/18.0.2.1)
20:29:41.456 [main] DEBUG org.apache.http.headers -- >> Accept-Encoding: gzip,deflate
20:29:41.457 [main] DEBUG org.apache.http.wire --  >> "{"title":"DimasRS","body":"Hallo nama saya Dimas","userid":10}"
20:29:42.036 [main] DEBUG org.apache.http.wire --  << "HTTP/1.1 201 Created[\r][\n]"
20:29:42.036 [main] DEBUG org.apache.http.wire --  << "Date: Fri, 09 Jun 2023 13:29:42 GMT[\r][\n]"
20:29:42.036 [main] DEBUG org.apache.http.wire --  << "Content-Type: application/json; charset=utf-8[\r][\n]"
20:29:42.036 [main] DEBUG org.apache.http.wire --  << "Content-Length: 88[\r][\n]"
20:29:42.036 [main] DEBUG org.apache.http.wire --  << "Connection: keep-alive[\r][\n]"
20:29:42.036 [main] DEBUG org.apache.http.wire --  << "X-Powered-By: Express[\r][\n]"
20:29:42.036 [main] DEBUG org.apache.http.wire --  << "X-Ratelimit-Limit: 1000[\r][\n]"
20:29:42.036 [main] DEBUG org.apache.http.wire --  << "X-Ratelimit-Remaining: 999[\r][\n]"
20:29:42.036 [main] DEBUG org.apache.http.wire --  << "X-Ratelimit-Reset: 1686317396[\r][\n]"
20:29:42.036 [main] DEBUG org.apache.http.wire --  << "Vary: Origin, X-HTTP-Method-Override, Accept-Encoding[\r][\n]"
20:29:42.036 [main] DEBUG org.apache.http.wire --  << "Access-Control-Allow-Credentials: true[\r][\n]"
20:29:42.036 [main] DEBUG org.apache.http.wire --  << "Cache-Control: no-cache[\r][\n]"
20:29:42.036 [main] DEBUG org.apache.http.wire --  << "Pragma: no-cache[\r][\n]"
20:29:42.037 [main] DEBUG org.apache.http.wire --  << "Expires: -1[\r][\n]"
20:29:42.037 [main] DEBUG org.apache.http.wire --  << "Access-Control-Expose-Headers: Location[\r][\n]"
20:29:42.037 [main] DEBUG org.apache.http.wire --  << "Location: http://jsonplaceholder.typicode.com/posts/101[\r][\n]"
20:29:42.037 [main] DEBUG org.apache.http.wire --  << "X-Content-Type-Options: nosniff[\r][\n]"
20:29:42.037 [main] DEBUG org.apache.http.wire --  << "Etag: W/"58-WCQS9q21XfNSxnCjNE2KVzEYnJQ"[\r][\n]"
20:29:42.037 [main] DEBUG org.apache.http.wire --  << "Via: 1.1 vegur[\r][\n]"
20:29:42.037 [main] DEBUG org.apache.http.wire --  << "CF-Cache-Status: DYNAMIC[\r][\n]"
20:29:42.037 [main] DEBUG org.apache.http.wire --  << "Report-To: {"endpoints":[{"url":"https:\/\/a.nel.cloudflare.com\/report\/v3?s=kZGxXE6FGzKwOTVA47Vjw1JdgrO%2BdF8qTqpWzT%2FKLeeiX6jqo5G%2BPlG%2FUlQS6S2Cpa6CTvMuy6vSXjDqwMGwlNcUUZThTU6knQhmAAXbzbhqI%2BewFNzJPy8LRI%2FPtMUUkpagv6nLmWVYnRbBdqQ%3D"}],"group":"cf-nel","max_age":604800}[\r][\n]"
20:29:42.037 [main] DEBUG org.apache.http.wire --  << "NEL: {"success_fraction":0,"report_to":"cf-nel","max_age":604800}[\r][\n]"
20:29:42.037 [main] DEBUG org.apache.http.wire --  << "Server: cloudflare[\r][\n]"
20:29:42.037 [main] DEBUG org.apache.http.wire --  << "CF-RAY: 7d49b9960e034697-SIN[\r][\n]"
20:29:42.037 [main] DEBUG org.apache.http.wire --  << "[\r][\n]"
20:29:42.037 [main] DEBUG org.apache.http.impl.conn.DefaultClientConnection -- Receiving response: HTTP/1.1 201 Created
20:29:42.037 [main] DEBUG org.apache.http.headers -- << HTTP/1.1 201 Created
20:29:42.037 [main] DEBUG org.apache.http.headers -- << Date: Fri, 09 Jun 2023 13:29:42 GMT
20:29:42.037 [main] DEBUG org.apache.http.headers -- << Content-Type: application/json; charset=utf-8
20:29:42.037 [main] DEBUG org.apache.http.headers -- << Content-Length: 88
20:29:42.037 [main] DEBUG org.apache.http.headers -- << Connection: keep-alive
20:29:42.037 [main] DEBUG org.apache.http.headers -- << X-Powered-By: Express
20:29:42.037 [main] DEBUG org.apache.http.headers -- << X-Ratelimit-Limit: 1000
20:29:42.037 [main] DEBUG org.apache.http.headers -- << X-Ratelimit-Remaining: 999
20:29:42.037 [main] DEBUG org.apache.http.headers -- << X-Ratelimit-Reset: 1686317396
20:29:42.037 [main] DEBUG org.apache.http.headers -- << Vary: Origin, X-HTTP-Method-Override, Accept-Encoding
20:29:42.037 [main] DEBUG org.apache.http.headers -- << Access-Control-Allow-Credentials: true
20:29:42.037 [main] DEBUG org.apache.http.headers -- << Cache-Control: no-cache
20:29:42.037 [main] DEBUG org.apache.http.headers -- << Pragma: no-cache
20:29:42.037 [main] DEBUG org.apache.http.headers -- << Expires: -1
20:29:42.037 [main] DEBUG org.apache.http.headers -- << Access-Control-Expose-Headers: Location
20:29:42.037 [main] DEBUG org.apache.http.headers -- << Location: http://jsonplaceholder.typicode.com/posts/101
20:29:42.037 [main] DEBUG org.apache.http.headers -- << X-Content-Type-Options: nosniff
20:29:42.037 [main] DEBUG org.apache.http.headers -- << Etag: W/"58-WCQS9q21XfNSxnCjNE2KVzEYnJQ"
20:29:42.037 [main] DEBUG org.apache.http.headers -- << Via: 1.1 vegur
20:29:42.037 [main] DEBUG org.apache.http.headers -- << CF-Cache-Status: DYNAMIC
20:29:42.037 [main] DEBUG org.apache.http.headers -- << Report-To: {"endpoints":[{"url":"https:\/\/a.nel.cloudflare.com\/report\/v3?s=kZGxXE6FGzKwOTVA47Vjw1JdgrO%2BdF8qTqpWzT%2FKLeeiX6jqo5G%2BPlG%2FUlQS6S2Cpa6CTvMuy6vSXjDqwMGwlNcUUZThTU6knQhmAAXbzbhqI%2BewFNzJPy8LRI%2FPtMUUkpagv6nLmWVYnRbBdqQ%3D"}],"group":"cf-nel","max_age":604800}
20:29:42.037 [main] DEBUG org.apache.http.headers -- << NEL: {"success_fraction":0,"report_to":"cf-nel","max_age":604800}
20:29:42.037 [main] DEBUG org.apache.http.headers -- << Server: cloudflare
20:29:42.037 [main] DEBUG org.apache.http.headers -- << CF-RAY: 7d49b9960e034697-SIN
20:29:42.038 [main] DEBUG org.apache.http.impl.client.DefaultHttpClient -- Connection can be kept alive indefinitely
20:29:42.038 [main] DEBUG io.restassured.internal.RestAssuredHttpBuilder -- Parsing response as: application/json; charset=utf-8
20:29:42.038 [main] DEBUG io.restassured.internal.RestAssuredHttpBuilder -- Parsed data to instance of: class org.apache.http.conn.EofSensorInputStream
20:29:42.040 [main] DEBUG org.apache.http.wire --  << "{[\n]"
20:29:42.040 [main] DEBUG org.apache.http.wire --  << "  "title": "DimasRS",[\n]"
20:29:42.040 [main] DEBUG org.apache.http.wire --  << "  "body": "Hallo nama saya Dimas",[\n]"
20:29:42.040 [main] DEBUG org.apache.http.wire --  << "  "userid": 10,[\n]"
20:29:42.040 [main] DEBUG org.apache.http.wire --  << "  "id": 101[\n]"
20:29:42.040 [main] DEBUG org.apache.http.wire --  << "}"
20:29:42.040 [main] DEBUG org.apache.http.impl.conn.BasicClientConnectionManager -- Releasing connection org.apache.http.impl.conn.ManagedClientConnectionImpl@3d50a3d9
20:29:42.040 [main] DEBUG org.apache.http.impl.conn.BasicClientConnectionManager -- Connection can be kept alive indefinitely
20:29:42.041 [main] DEBUG net.thucydides.core.steps.StepInterceptor -- STEP DONE: I send POST HTTP request
  &amp#27;[32mWhen &amp#27;[0m&amp#27;[32mI send POST HTTP request&amp#27;[0m                           &amp#27;[90m# starter.stepfeiniton.UserSteps.sendPostHttpRequest()&amp#27;[0m
20:29:42.044 [main] DEBUG net.thucydides.core.steps.StepInterceptor -- STARTING STEP: UserSteps.receiveValidHttp201 - I receive valid HTTP response code 201
20:29:42.045 [main] DEBUG net.thucydides.core.steps.StepInterceptor -- STEP DONE: I receive valid HTTP response code 201
  &amp#27;[32mThen &amp#27;[0m&amp#27;[32mI receive valid HTTP response code 201&amp#27;[0m             &amp#27;[90m# starter.stepfeiniton.UserSteps.receiveValidHttp201()&amp#27;[0m
20:29:42.049 [main] DEBUG net.thucydides.core.steps.StepInterceptor -- STARTING STEP: UserSteps.validateDataNewUser - I receive valid data for new user
20:29:42.086 [main] DEBUG net.thucydides.core.steps.StepInterceptor -- STEP DONE: I receive valid data for new user
  &amp#27;[32mAnd &amp#27;[0m&amp#27;[32mI receive valid data for new user&amp#27;[0m                   &amp#27;[90m# starter.stepfeiniton.UserSteps.validateDataNewUser()&amp#27;[0m
20:29:42.088 [main] INFO  -- 
  _____   ___   ___   _____     ___     _     ___   ___   ___   ___  
 |_   _| | __| / __| |_   _|   | _ \   /_\   / __| / __| | __| |   \ 
   | |   | _|  \__ \   | |     |  _/  / _ \  \__ \ \__ \ | _|  | |) |
   |_|   |___| |___/   |_|     |_|   /_/ \_\ |___/ |___/ |___| |___/ 

POST As admin I have be able to create new user
----------------------------------------------------------------------
]]></system-out>
  </testcase>
  <testcase name="PUT As admin I have be able to update existing user" classname="User" time="0.676">
    <system-out><![CDATA[
Scenario: PUT As admin I have be able to update existing user &amp#27;[90m# src/test/resources/features/User.feature:18&amp#27;[0m
20:29:42.093 [main] INFO io.cucumber.core.plugin.SerenityReporter -- Running feature from file:///C:/Users/Dimas%20Rizqi%20Suryana/REST_Asured/src/test/resources/features/User.feature
20:29:42.094 [main] INFO  -- 
  _____   ___   ___   _____     ___   _____     _     ___   _____   ___   ___  
 |_   _| | __| / __| |_   _|   / __| |_   _|   /_\   | _ \ |_   _| | __| |   \ 
   | |   | _|  \__ \   | |     \__ \   | |    / _ \  |   /   | |   | _|  | |) |
   |_|   |___| |___/   |_|     |___/   |_|   /_/ \_\ |_|_\   |_|   |___| |___/ 

PUT As admin I have be able to update existing user(user;put-as-admin-i-have-be-able-to-update-existing-user)
--------------------------------------------------------------------------------
20:29:42.104 [main] DEBUG net.thucydides.core.steps.StepInterceptor -- STARTING STEP: UserSteps.setPutApiEndpoints - I set PUT api endpoints
20:29:42.104 [main] DEBUG net.thucydides.core.steps.StepInterceptor -- STEP DONE: I set PUT api endpoints
  &amp#27;[32mGiven &amp#27;[0m&amp#27;[32mI set PUT api endpoints&amp#27;[0m                               &amp#27;[90m# starter.stepfeiniton.UserSteps.setPutApiEndpoints()&amp#27;[0m
20:29:42.107 [main] DEBUG net.thucydides.core.steps.StepInterceptor -- STARTING STEP: UserSteps.sendPutHttpRequest - I send PUT HTTP request
20:29:42.109 [main] DEBUG net.thucydides.core.steps.StepInterceptor -- STARTING STEP: Put.sendPutHttpRequest - I set PUT api endpoints
20:29:42.109 [main] DEBUG net.thucydides.core.steps.StepInterceptor -- STEP DONE: I set PUT api endpoints
20:29:42.123 [main] DEBUG org.apache.http.impl.conn.BasicClientConnectionManager -- Get connection for route {s}->https://jsonplaceholder.typicode.com:443
20:29:42.123 [main] DEBUG org.apache.http.impl.conn.DefaultClientConnectionOperator -- Connecting to jsonplaceholder.typicode.com:443
20:29:42.181 [main] DEBUG org.apache.http.client.protocol.RequestAddCookies -- CookieSpec selected: ignoreCookies
20:29:42.181 [main] DEBUG org.apache.http.client.protocol.RequestAuthCache -- Auth cache not set in the context
20:29:42.181 [main] DEBUG org.apache.http.client.protocol.RequestTargetAuthentication -- Target auth state: UNCHALLENGED
20:29:42.181 [main] DEBUG org.apache.http.client.protocol.RequestProxyAuthentication -- Proxy auth state: UNCHALLENGED
20:29:42.181 [main] DEBUG org.apache.http.impl.client.DefaultHttpClient -- Attempt 1 to execute request
20:29:42.181 [main] DEBUG org.apache.http.impl.conn.DefaultClientConnection -- Sending request: PUT /posts/1 HTTP/1.1
20:29:42.183 [main] DEBUG org.apache.http.wire --  >> "PUT /posts/1 HTTP/1.1[\r][\n]"
20:29:42.183 [main] DEBUG org.apache.http.wire --  >> "Accept: */*[\r][\n]"
20:29:42.183 [main] DEBUG org.apache.http.wire --  >> "Content-Type: application/json[\r][\n]"
20:29:42.183 [main] DEBUG org.apache.http.wire --  >> "Content-Length: 58[\r][\n]"
20:29:42.183 [main] DEBUG org.apache.http.wire --  >> "Host: jsonplaceholder.typicode.com[\r][\n]"
20:29:42.183 [main] DEBUG org.apache.http.wire --  >> "Connection: Keep-Alive[\r][\n]"
20:29:42.183 [main] DEBUG org.apache.http.wire --  >> "User-Agent: Apache-HttpClient/4.5.13 (Java/18.0.2.1)[\r][\n]"
20:29:42.183 [main] DEBUG org.apache.http.wire --  >> "Accept-Encoding: gzip,deflate[\r][\n]"
20:29:42.183 [main] DEBUG org.apache.http.wire --  >> "[\r][\n]"
20:29:42.183 [main] DEBUG org.apache.http.headers -- >> PUT /posts/1 HTTP/1.1
20:29:42.183 [main] DEBUG org.apache.http.headers -- >> Accept: */*
20:29:42.183 [main] DEBUG org.apache.http.headers -- >> Content-Type: application/json
20:29:42.183 [main] DEBUG org.apache.http.headers -- >> Content-Length: 58
20:29:42.183 [main] DEBUG org.apache.http.headers -- >> Host: jsonplaceholder.typicode.com
20:29:42.183 [main] DEBUG org.apache.http.headers -- >> Connection: Keep-Alive
20:29:42.183 [main] DEBUG org.apache.http.headers -- >> User-Agent: Apache-HttpClient/4.5.13 (Java/18.0.2.1)
20:29:42.183 [main] DEBUG org.apache.http.headers -- >> Accept-Encoding: gzip,deflate
20:29:42.183 [main] DEBUG org.apache.http.wire --  >> "{"title":"my name is DimasSopo","body":"Ini sudah diubah"}"
20:29:42.732 [main] DEBUG org.apache.http.wire --  << "HTTP/1.1 200 OK[\r][\n]"
20:29:42.732 [main] DEBUG org.apache.http.wire --  << "Date: Fri, 09 Jun 2023 13:29:43 GMT[\r][\n]"
20:29:42.732 [main] DEBUG org.apache.http.wire --  << "Content-Type: application/json; charset=utf-8[\r][\n]"
20:29:42.732 [main] DEBUG org.apache.http.wire --  << "Transfer-Encoding: chunked[\r][\n]"
20:29:42.732 [main] DEBUG org.apache.http.wire --  << "Connection: keep-alive[\r][\n]"
20:29:42.732 [main] DEBUG org.apache.http.wire --  << "X-Powered-By: Express[\r][\n]"
20:29:42.732 [main] DEBUG org.apache.http.wire --  << "X-Ratelimit-Limit: 1000[\r][\n]"
20:29:42.732 [main] DEBUG org.apache.http.wire --  << "X-Ratelimit-Remaining: 998[\r][\n]"
20:29:42.732 [main] DEBUG org.apache.http.wire --  << "X-Ratelimit-Reset: 1686317396[\r][\n]"
20:29:42.732 [main] DEBUG org.apache.http.wire --  << "Vary: Origin, Accept-Encoding[\r][\n]"
20:29:42.732 [main] DEBUG org.apache.http.wire --  << "Access-Control-Allow-Credentials: true[\r][\n]"
20:29:42.732 [main] DEBUG org.apache.http.wire --  << "Cache-Control: no-cache[\r][\n]"
20:29:42.732 [main] DEBUG org.apache.http.wire --  << "Pragma: no-cache[\r][\n]"
20:29:42.732 [main] DEBUG org.apache.http.wire --  << "Expires: -1[\r][\n]"
20:29:42.732 [main] DEBUG org.apache.http.wire --  << "X-Content-Type-Options: nosniff[\r][\n]"
20:29:42.732 [main] DEBUG org.apache.http.wire --  << "Etag: W/"4e-HWkL9jKCn03lvtwwxi9yBEE0bGI"[\r][\n]"
20:29:42.732 [main] DEBUG org.apache.http.wire --  << "Via: 1.1 vegur[\r][\n]"
20:29:42.732 [main] DEBUG org.apache.http.wire --  << "CF-Cache-Status: DYNAMIC[\r][\n]"
20:29:42.732 [main] DEBUG org.apache.http.wire --  << "Report-To: {"endpoints":[{"url":"https:\/\/a.nel.cloudflare.com\/report\/v3?s=pMt6oq2mx8l7aw1YcyO4wnXh04a2Gp5Ues4qcaixwghDYfBmzDzDOnwPmUMEbyh6iQEWxSFtsfomzchYG92bdWoln9%2FcLmr5OZAeQJvq6bwd%2FaQKPEbgD4XSHlUqS46Prk25uB3H%2FoXUNOY0Rmg%3D"}],"group":"cf-nel","max_age":604800}[\r][\n]"
20:29:42.732 [main] DEBUG org.apache.http.wire --  << "NEL: {"success_fraction":0,"report_to":"cf-nel","max_age":604800}[\r][\n]"
20:29:42.732 [main] DEBUG org.apache.http.wire --  << "Server: cloudflare[\r][\n]"
20:29:42.732 [main] DEBUG org.apache.http.wire --  << "CF-RAY: 7d49b99a88ec898f-SIN[\r][\n]"
20:29:42.732 [main] DEBUG org.apache.http.wire --  << "Content-Encoding: gzip[\r][\n]"
20:29:42.734 [main] DEBUG org.apache.http.wire --  << "[\r][\n]"
20:29:42.734 [main] DEBUG org.apache.http.impl.conn.DefaultClientConnection -- Receiving response: HTTP/1.1 200 OK
20:29:42.734 [main] DEBUG org.apache.http.headers -- << HTTP/1.1 200 OK
20:29:42.734 [main] DEBUG org.apache.http.headers -- << Date: Fri, 09 Jun 2023 13:29:43 GMT
20:29:42.734 [main] DEBUG org.apache.http.headers -- << Content-Type: application/json; charset=utf-8
20:29:42.734 [main] DEBUG org.apache.http.headers -- << Transfer-Encoding: chunked
20:29:42.734 [main] DEBUG org.apache.http.headers -- << Connection: keep-alive
20:29:42.734 [main] DEBUG org.apache.http.headers -- << X-Powered-By: Express
20:29:42.734 [main] DEBUG org.apache.http.headers -- << X-Ratelimit-Limit: 1000
20:29:42.734 [main] DEBUG org.apache.http.headers -- << X-Ratelimit-Remaining: 998
20:29:42.734 [main] DEBUG org.apache.http.headers -- << X-Ratelimit-Reset: 1686317396
20:29:42.734 [main] DEBUG org.apache.http.headers -- << Vary: Origin, Accept-Encoding
20:29:42.734 [main] DEBUG org.apache.http.headers -- << Access-Control-Allow-Credentials: true
20:29:42.734 [main] DEBUG org.apache.http.headers -- << Cache-Control: no-cache
20:29:42.734 [main] DEBUG org.apache.http.headers -- << Pragma: no-cache
20:29:42.734 [main] DEBUG org.apache.http.headers -- << Expires: -1
20:29:42.734 [main] DEBUG org.apache.http.headers -- << X-Content-Type-Options: nosniff
20:29:42.734 [main] DEBUG org.apache.http.headers -- << Etag: W/"4e-HWkL9jKCn03lvtwwxi9yBEE0bGI"
20:29:42.734 [main] DEBUG org.apache.http.headers -- << Via: 1.1 vegur
20:29:42.734 [main] DEBUG org.apache.http.headers -- << CF-Cache-Status: DYNAMIC
20:29:42.734 [main] DEBUG org.apache.http.headers -- << Report-To: {"endpoints":[{"url":"https:\/\/a.nel.cloudflare.com\/report\/v3?s=pMt6oq2mx8l7aw1YcyO4wnXh04a2Gp5Ues4qcaixwghDYfBmzDzDOnwPmUMEbyh6iQEWxSFtsfomzchYG92bdWoln9%2FcLmr5OZAeQJvq6bwd%2FaQKPEbgD4XSHlUqS46Prk25uB3H%2FoXUNOY0Rmg%3D"}],"group":"cf-nel","max_age":604800}
20:29:42.734 [main] DEBUG org.apache.http.headers -- << NEL: {"success_fraction":0,"report_to":"cf-nel","max_age":604800}
20:29:42.734 [main] DEBUG org.apache.http.headers -- << Server: cloudflare
20:29:42.734 [main] DEBUG org.apache.http.headers -- << CF-RAY: 7d49b99a88ec898f-SIN
20:29:42.734 [main] DEBUG org.apache.http.headers -- << Content-Encoding: gzip
20:29:42.735 [main] DEBUG org.apache.http.impl.client.DefaultHttpClient -- Connection can be kept alive indefinitely
20:29:42.735 [main] DEBUG io.restassured.internal.RestAssuredHttpBuilder -- Parsing response as: application/json; charset=utf-8
20:29:42.735 [main] DEBUG org.apache.http.wire --  << "60[\r][\n]"
20:29:42.735 [main] DEBUG org.apache.http.wire --  << "[0x1f][0x8b][0x8][0x0][0x0][0x0][0x0][0x0][0x0][0x3][0xaa][0xe6]RPP*[0xc9],[0xc9]IU[0xb2]RP[0xca][0xad]T[0xc8]K[0xcc]MU[0xc8],Vp[0xc9][0xcc]M,[0xe][0xce]/[0xc8]W[0xd2][0x1])I[0xca]O[0xa9][0x4][0xa9][0xf0][0xcc][0xcb]T(.MI[0xcc]PH[0xc9],MJ[0xcc][0x80][0xc8]f[0xa6](Y)[0x18]r[0xd5][0x2][0x0][0x0][0x0][0xff][0xff][0x3][0x0][0xe5][0xfc][0x1e][0x91]N[0x0][0x0][0x0]"
20:29:42.735 [main] DEBUG org.apache.http.wire --  << "[\r][\n]"
20:29:42.735 [main] DEBUG org.apache.http.wire --  << "0[\r][\n]"
20:29:42.735 [main] DEBUG org.apache.http.wire --  << "[\r][\n]"
20:29:42.735 [main] DEBUG io.restassured.internal.RestAssuredHttpBuilder -- Parsed data to instance of: class org.apache.http.conn.EofSensorInputStream
20:29:42.736 [main] DEBUG org.apache.http.impl.conn.BasicClientConnectionManager -- Releasing connection org.apache.http.impl.conn.ManagedClientConnectionImpl@594c66c3
20:29:42.736 [main] DEBUG org.apache.http.impl.conn.BasicClientConnectionManager -- Connection can be kept alive indefinitely
20:29:42.737 [main] DEBUG net.thucydides.core.steps.StepInterceptor -- STEP DONE: I send PUT HTTP request
  &amp#27;[32mWhen &amp#27;[0m&amp#27;[32mI send PUT HTTP request&amp#27;[0m                                &amp#27;[90m# starter.stepfeiniton.UserSteps.sendPutHttpRequest()&amp#27;[0m
20:29:42.740 [main] DEBUG net.thucydides.core.steps.StepInterceptor -- STARTING STEP: UserSteps.validateUpdateUser - I receive valid data for update user
20:29:42.761 [main] DEBUG net.thucydides.core.steps.StepInterceptor -- STEP DONE: I receive valid data for update user
  &amp#27;[32mAnd &amp#27;[0m&amp#27;[32mI receive valid data for update user&amp#27;[0m                    &amp#27;[90m# starter.stepfeiniton.UserSteps.validateUpdateUser()&amp#27;[0m
20:29:42.763 [main] INFO  -- 
  _____   ___   ___   _____     ___     _     ___   ___   ___   ___  
 |_   _| | __| / __| |_   _|   | _ \   /_\   / __| / __| | __| |   \ 
   | |   | _|  \__ \   | |     |  _/  / _ \  \__ \ \__ \ | _|  | |) |
   |_|   |___| |___/   |_|     |_|   /_/ \_\ |___/ |___/ |___| |___/ 

PUT As admin I have be able to update existing user
----------------------------------------------------------------------
]]></system-out>
  </testcase>
  <testcase name="DELETE As admin I have be able to delete existing user" classname="User" time="1.913">
    <system-out><![CDATA[
Scenario: DELETE As admin I have be able to delete existing user &amp#27;[90m# src/test/resources/features/User.feature:23&amp#27;[0m
20:29:42.771 [main] INFO io.cucumber.core.plugin.SerenityReporter -- Running feature from file:///C:/Users/Dimas%20Rizqi%20Suryana/REST_Asured/src/test/resources/features/User.feature
20:29:42.775 [main] INFO  -- 
  _____   ___   ___   _____     ___   _____     _     ___   _____   ___   ___  
 |_   _| | __| / __| |_   _|   / __| |_   _|   /_\   | _ \ |_   _| | __| |   \ 
   | |   | _|  \__ \   | |     \__ \   | |    / _ \  |   /   | |   | _|  | |) |
   |_|   |___| |___/   |_|     |___/   |_|   /_/ \_\ |_|_\   |_|   |___| |___/ 

DELETE As admin I have be able to delete existing user(user;delete-as-admin-i-have-be-able-to-delete-existing-user)
--------------------------------------------------------------------------------
20:29:42.792 [main] DEBUG net.thucydides.core.steps.StepInterceptor -- STARTING STEP: UserSteps.setDeleteApiEndpoints - I set DELETE api endpoints
20:29:42.792 [main] DEBUG net.thucydides.core.steps.StepInterceptor -- STEP DONE: I set DELETE api endpoints
  &amp#27;[32mGiven &amp#27;[0m&amp#27;[32mI set DELETE api endpoints&amp#27;[0m                               &amp#27;[90m# starter.stepfeiniton.UserSteps.setDeleteApiEndpoints()&amp#27;[0m
20:29:42.798 [main] DEBUG net.thucydides.core.steps.StepInterceptor -- STARTING STEP: UserSteps.sendDeleteApiEndpoints - I send DELETE HTTP request
20:29:42.799 [main] DEBUG net.thucydides.core.steps.StepInterceptor -- STARTING STEP: Delete.sendDeleteHttpRequest - I set DELETE api endpoints
20:29:42.799 [main] DEBUG net.thucydides.core.steps.StepInterceptor -- STEP DONE: I set DELETE api endpoints
20:29:42.816 [main] DEBUG org.apache.http.impl.conn.BasicClientConnectionManager -- Get connection for route {s}->https://jsonplaceholder.typicode.com:443
20:29:42.817 [main] DEBUG org.apache.http.impl.conn.DefaultClientConnectionOperator -- Connecting to jsonplaceholder.typicode.com:443
20:29:43.875 [main] DEBUG org.apache.http.client.protocol.RequestAddCookies -- CookieSpec selected: ignoreCookies
20:29:43.875 [main] DEBUG org.apache.http.client.protocol.RequestAuthCache -- Auth cache not set in the context
20:29:43.875 [main] DEBUG org.apache.http.client.protocol.RequestTargetAuthentication -- Target auth state: UNCHALLENGED
20:29:43.875 [main] DEBUG org.apache.http.client.protocol.RequestProxyAuthentication -- Proxy auth state: UNCHALLENGED
20:29:43.875 [main] DEBUG org.apache.http.impl.client.DefaultHttpClient -- Attempt 1 to execute request
20:29:43.875 [main] DEBUG org.apache.http.impl.conn.DefaultClientConnection -- Sending request: DELETE /posts/1 HTTP/1.1
20:29:43.875 [main] DEBUG org.apache.http.wire --  >> "DELETE /posts/1 HTTP/1.1[\r][\n]"
20:29:43.875 [main] DEBUG org.apache.http.wire --  >> "Accept: */*[\r][\n]"
20:29:43.875 [main] DEBUG org.apache.http.wire --  >> "Host: jsonplaceholder.typicode.com[\r][\n]"
20:29:43.875 [main] DEBUG org.apache.http.wire --  >> "Connection: Keep-Alive[\r][\n]"
20:29:43.875 [main] DEBUG org.apache.http.wire --  >> "User-Agent: Apache-HttpClient/4.5.13 (Java/18.0.2.1)[\r][\n]"
20:29:43.875 [main] DEBUG org.apache.http.wire --  >> "Accept-Encoding: gzip,deflate[\r][\n]"
20:29:43.875 [main] DEBUG org.apache.http.wire --  >> "[\r][\n]"
20:29:43.875 [main] DEBUG org.apache.http.headers -- >> DELETE /posts/1 HTTP/1.1
20:29:43.875 [main] DEBUG org.apache.http.headers -- >> Accept: */*
20:29:43.875 [main] DEBUG org.apache.http.headers -- >> Host: jsonplaceholder.typicode.com
20:29:43.875 [main] DEBUG org.apache.http.headers -- >> Connection: Keep-Alive
20:29:43.875 [main] DEBUG org.apache.http.headers -- >> User-Agent: Apache-HttpClient/4.5.13 (Java/18.0.2.1)
20:29:43.875 [main] DEBUG org.apache.http.headers -- >> Accept-Encoding: gzip,deflate
20:29:44.657 [main] DEBUG org.apache.http.wire --  << "HTTP/1.1 200 OK[\r][\n]"
20:29:44.658 [main] DEBUG org.apache.http.wire --  << "Date: Fri, 09 Jun 2023 13:29:45 GMT[\r][\n]"
20:29:44.658 [main] DEBUG org.apache.http.wire --  << "Content-Type: application/json; charset=utf-8[\r][\n]"
20:29:44.658 [main] DEBUG org.apache.http.wire --  << "Content-Length: 2[\r][\n]"
20:29:44.658 [main] DEBUG org.apache.http.wire --  << "Connection: keep-alive[\r][\n]"
20:29:44.658 [main] DEBUG org.apache.http.wire --  << "X-Powered-By: Express[\r][\n]"
20:29:44.658 [main] DEBUG org.apache.http.wire --  << "X-Ratelimit-Limit: 1000[\r][\n]"
20:29:44.658 [main] DEBUG org.apache.http.wire --  << "X-Ratelimit-Remaining: 997[\r][\n]"
20:29:44.658 [main] DEBUG org.apache.http.wire --  << "X-Ratelimit-Reset: 1686317396[\r][\n]"
20:29:44.658 [main] DEBUG org.apache.http.wire --  << "Vary: Origin, Accept-Encoding[\r][\n]"
20:29:44.658 [main] DEBUG org.apache.http.wire --  << "Access-Control-Allow-Credentials: true[\r][\n]"
20:29:44.658 [main] DEBUG org.apache.http.wire --  << "Cache-Control: no-cache[\r][\n]"
20:29:44.658 [main] DEBUG org.apache.http.wire --  << "Pragma: no-cache[\r][\n]"
20:29:44.658 [main] DEBUG org.apache.http.wire --  << "Expires: -1[\r][\n]"
20:29:44.658 [main] DEBUG org.apache.http.wire --  << "X-Content-Type-Options: nosniff[\r][\n]"
20:29:44.658 [main] DEBUG org.apache.http.wire --  << "Etag: W/"2-vyGp6PvFo4RvsFtPoIWeCReyIC8"[\r][\n]"
20:29:44.658 [main] DEBUG org.apache.http.wire --  << "Via: 1.1 vegur[\r][\n]"
20:29:44.658 [main] DEBUG org.apache.http.wire --  << "CF-Cache-Status: DYNAMIC[\r][\n]"
20:29:44.658 [main] DEBUG org.apache.http.wire --  << "Report-To: {"endpoints":[{"url":"https:\/\/a.nel.cloudflare.com\/report\/v3?s=RBo59w%2FdVB6PgIEi4aJiQExPoSAd8cNjAiFJr5dTdwGt5VKYIy4jcTsoJwKZ6FjNwu5W98NkZUIDT%2FWWYeFJxgV9ufolz1n%2FMCIWYCnFVLqsUjGrHVnKOcWHuqP9wrh9l%2Fa83Z5H47xw5gSok4o%3D"}],"group":"cf-nel","max_age":604800}[\r][\n]"
20:29:44.659 [main] DEBUG org.apache.http.wire --  << "NEL: {"success_fraction":0,"report_to":"cf-nel","max_age":604800}[\r][\n]"
20:29:44.659 [main] DEBUG org.apache.http.wire --  << "Server: cloudflare[\r][\n]"
20:29:44.659 [main] DEBUG org.apache.http.wire --  << "CF-RAY: 7d49b9a52ff23dea-SIN[\r][\n]"
20:29:44.659 [main] DEBUG org.apache.http.wire --  << "[\r][\n]"
20:29:44.659 [main] DEBUG org.apache.http.impl.conn.DefaultClientConnection -- Receiving response: HTTP/1.1 200 OK
20:29:44.659 [main] DEBUG org.apache.http.headers -- << HTTP/1.1 200 OK
20:29:44.659 [main] DEBUG org.apache.http.headers -- << Date: Fri, 09 Jun 2023 13:29:45 GMT
20:29:44.659 [main] DEBUG org.apache.http.headers -- << Content-Type: application/json; charset=utf-8
20:29:44.659 [main] DEBUG org.apache.http.headers -- << Content-Length: 2
20:29:44.659 [main] DEBUG org.apache.http.headers -- << Connection: keep-alive
20:29:44.659 [main] DEBUG org.apache.http.headers -- << X-Powered-By: Express
20:29:44.659 [main] DEBUG org.apache.http.headers -- << X-Ratelimit-Limit: 1000
20:29:44.659 [main] DEBUG org.apache.http.headers -- << X-Ratelimit-Remaining: 997
20:29:44.659 [main] DEBUG org.apache.http.headers -- << X-Ratelimit-Reset: 1686317396
20:29:44.659 [main] DEBUG org.apache.http.headers -- << Vary: Origin, Accept-Encoding
20:29:44.659 [main] DEBUG org.apache.http.headers -- << Access-Control-Allow-Credentials: true
20:29:44.659 [main] DEBUG org.apache.http.headers -- << Cache-Control: no-cache
20:29:44.659 [main] DEBUG org.apache.http.headers -- << Pragma: no-cache
20:29:44.659 [main] DEBUG org.apache.http.headers -- << Expires: -1
20:29:44.659 [main] DEBUG org.apache.http.headers -- << X-Content-Type-Options: nosniff
20:29:44.659 [main] DEBUG org.apache.http.headers -- << Etag: W/"2-vyGp6PvFo4RvsFtPoIWeCReyIC8"
20:29:44.659 [main] DEBUG org.apache.http.headers -- << Via: 1.1 vegur
20:29:44.659 [main] DEBUG org.apache.http.headers -- << CF-Cache-Status: DYNAMIC
20:29:44.659 [main] DEBUG org.apache.http.headers -- << Report-To: {"endpoints":[{"url":"https:\/\/a.nel.cloudflare.com\/report\/v3?s=RBo59w%2FdVB6PgIEi4aJiQExPoSAd8cNjAiFJr5dTdwGt5VKYIy4jcTsoJwKZ6FjNwu5W98NkZUIDT%2FWWYeFJxgV9ufolz1n%2FMCIWYCnFVLqsUjGrHVnKOcWHuqP9wrh9l%2Fa83Z5H47xw5gSok4o%3D"}],"group":"cf-nel","max_age":604800}
20:29:44.659 [main] DEBUG org.apache.http.headers -- << NEL: {"success_fraction":0,"report_to":"cf-nel","max_age":604800}
20:29:44.659 [main] DEBUG org.apache.http.headers -- << Server: cloudflare
20:29:44.659 [main] DEBUG org.apache.http.headers -- << CF-RAY: 7d49b9a52ff23dea-SIN
20:29:44.660 [main] DEBUG org.apache.http.impl.client.DefaultHttpClient -- Connection can be kept alive indefinitely
20:29:44.660 [main] DEBUG io.restassured.internal.RestAssuredHttpBuilder -- Parsing response as: application/json; charset=utf-8
20:29:44.660 [main] DEBUG io.restassured.internal.RestAssuredHttpBuilder -- Parsed data to instance of: class org.apache.http.conn.EofSensorInputStream
20:29:44.662 [main] DEBUG org.apache.http.wire --  << "{}"
20:29:44.664 [main] DEBUG org.apache.http.impl.conn.BasicClientConnectionManager -- Releasing connection org.apache.http.impl.conn.ManagedClientConnectionImpl@3980b44f
20:29:44.664 [main] DEBUG org.apache.http.impl.conn.BasicClientConnectionManager -- Connection can be kept alive indefinitely
20:29:44.665 [main] DEBUG net.thucydides.core.steps.StepInterceptor -- STEP DONE: I send DELETE HTTP request
  &amp#27;[32mWhen &amp#27;[0m&amp#27;[32mI send DELETE HTTP request&amp#27;[0m                                &amp#27;[90m# starter.stepfeiniton.UserSteps.sendDeleteApiEndpoints()&amp#27;[0m
20:29:44.671 [main] DEBUG net.thucydides.core.steps.StepInterceptor -- STARTING STEP: UserSteps.validateHttpResponseCode204 - I receive valid HTTP response code 204
20:29:44.673 [main] DEBUG net.thucydides.core.steps.StepInterceptor -- STEP DONE: I receive valid HTTP response code 204
  &amp#27;[32mThen &amp#27;[0m&amp#27;[32mI receive valid HTTP response code 204&amp#27;[0m                    &amp#27;[90m# starter.stepfeiniton.UserSteps.validateHttpResponseCode204()&amp#27;[0m
20:29:44.678 [main] INFO  -- 
  _____   ___   ___   _____     ___     _     ___   ___   ___   ___  
 |_   _| | __| / __| |_   _|   | _ \   /_\   / __| / __| | __| |   \ 
   | |   | _|  \__ \   | |     |  _/  / _ \  \__ \ \__ \ | _|  | |) |
   |_|   |___| |___/   |_|     |_|   /_/ \_\ |___/ |___/ |___| |___/ 

DELETE As admin I have be able to delete existing user
----------------------------------------------------------------------
]]></system-out>
  </testcase>
</testsuite>